[0.030s] Invoking command in '/home/semegn/agribot_ws/build/agribot_description': CMAKE_PREFIX_PATH=${CMAKE_PREFIX_PATH}:/home/semegn/agribot_ws/install/agribot_vision:/home/semegn/agribot_ws/install/agribot_navigation:/home/semegn/agribot_ws/install/agribot_nav2_bringup:/opt/ros/humble /usr/bin/cmake --build /home/semegn/agribot_ws/build/agribot_description -- -j8 -l8
[0.892s] Invoked command in '/home/semegn/agribot_ws/build/agribot_description' returned '0': CMAKE_PREFIX_PATH=${CMAKE_PREFIX_PATH}:/home/semegn/agribot_ws/install/agribot_vision:/home/semegn/agribot_ws/install/agribot_navigation:/home/semegn/agribot_ws/install/agribot_nav2_bringup:/opt/ros/humble /usr/bin/cmake --build /home/semegn/agribot_ws/build/agribot_description -- -j8 -l8
[0.901s] Invoking command in '/home/semegn/agribot_ws/build/agribot_description': CMAKE_PREFIX_PATH=${CMAKE_PREFIX_PATH}:/home/semegn/agribot_ws/install/agribot_vision:/home/semegn/agribot_ws/install/agribot_navigation:/home/semegn/agribot_ws/install/agribot_nav2_bringup:/opt/ros/humble /usr/bin/cmake --install /home/semegn/agribot_ws/build/agribot_description
[0.910s] -- Install configuration: ""
[0.910s] -- Execute custom install script
[0.910s] -- Up-to-date symlink: /home/semegn/agribot_ws/install/agribot_description/share/agribot_description/urdf/agribot.urdf.xacro
[0.910s] -- Up-to-date symlink: /home/semegn/agribot_ws/install/agribot_description/share/agribot_description/launch/agribot_spawn.launch.py
[0.910s] -- Up-to-date symlink: /home/semegn/agribot_ws/install/agribot_description/share/agribot_description/launch/master.launch.py
[0.912s] -- Up-to-date symlink: /home/semegn/agribot_ws/install/agribot_description/share/ament_index/resource_index/package_run_dependencies/agribot_description
[0.912s] -- Up-to-date symlink: /home/semegn/agribot_ws/install/agribot_description/share/ament_index/resource_index/parent_prefix_path/agribot_description
[0.914s] -- Up-to-date symlink: /home/semegn/agribot_ws/install/agribot_description/share/agribot_description/environment/ament_prefix_path.sh
[0.914s] -- Up-to-date symlink: /home/semegn/agribot_ws/install/agribot_description/share/agribot_description/environment/ament_prefix_path.dsv
[0.914s] -- Up-to-date symlink: /home/semegn/agribot_ws/install/agribot_description/share/agribot_description/environment/path.sh
[0.914s] -- Up-to-date symlink: /home/semegn/agribot_ws/install/agribot_description/share/agribot_description/environment/path.dsv
[0.914s] -- Up-to-date symlink: /home/semegn/agribot_ws/install/agribot_description/share/agribot_description/local_setup.bash
[0.914s] -- Up-to-date symlink: /home/semegn/agribot_ws/install/agribot_description/share/agribot_description/local_setup.sh
[0.915s] -- Up-to-date symlink: /home/semegn/agribot_ws/install/agribot_description/share/agribot_description/local_setup.zsh
[0.915s] -- Up-to-date symlink: /home/semegn/agribot_ws/install/agribot_description/share/agribot_description/local_setup.dsv
[0.915s] -- Symlinking: /home/semegn/agribot_ws/install/agribot_description/share/agribot_description/package.dsv
[0.925s] -- Up-to-date symlink: /home/semegn/agribot_ws/install/agribot_description/share/ament_index/resource_index/packages/agribot_description
[0.925s] -- Up-to-date symlink: /home/semegn/agribot_ws/install/agribot_description/share/agribot_description/cmake/agribot_descriptionConfig.cmake
[0.926s] -- Up-to-date symlink: /home/semegn/agribot_ws/install/agribot_description/share/agribot_description/cmake/agribot_descriptionConfig-version.cmake
[0.926s] -- Up-to-date symlink: /home/semegn/agribot_ws/install/agribot_description/share/agribot_description/package.xml
[0.929s] Invoked command in '/home/semegn/agribot_ws/build/agribot_description' returned '0': CMAKE_PREFIX_PATH=${CMAKE_PREFIX_PATH}:/home/semegn/agribot_ws/install/agribot_vision:/home/semegn/agribot_ws/install/agribot_navigation:/home/semegn/agribot_ws/install/agribot_nav2_bringup:/opt/ros/humble /usr/bin/cmake --install /home/semegn/agribot_ws/build/agribot_description
