[0.142s] DEBUG:colcon:Command line arguments: ['/usr/bin/colcon', 'build']
[0.142s] DEBUG:colcon:Parsed command line arguments: Namespace(log_base=None, log_level=None, verb_name='build', build_base='build', install_base='install', merge_install=False, symlink_install=False, test_result_base=None, continue_on_error=False, executor='parallel', parallel_workers=8, event_handlers=None, ignore_user_meta=False, metas=['./colcon.meta'], base_paths=['.'], packages_ignore=None, packages_ignore_regex=None, paths=None, packages_up_to=None, packages_up_to_regex=None, packages_above=None, packages_above_and_dependencies=None, packages_above_depth=None, packages_select_by_dep=None, packages_skip_by_dep=None, packages_skip_up_to=None, packages_select_build_failed=False, packages_skip_build_finished=False, packages_select_test_failures=False, packages_skip_test_passed=False, packages_select=None, packages_skip=None, packages_select_regex=None, packages_skip_regex=None, packages_start=None, packages_end=None, allow_overriding=[], cmake_args=None, cmake_target=None, cmake_target_skip_unavailable=False, cmake_clean_cache=False, cmake_clean_first=False, cmake_force_configure=False, ament_cmake_args=None, catkin_cmake_args=None, catkin_skip_building_tests=False, mixin_files=None, mixin=None, verb_parser=<colcon_mixin.mixin.mixin_argument.MixinArgumentDecorator object at 0x793c00b8dc30>, verb_extension=<colcon_core.verb.build.BuildVerb object at 0x793c00b8cf10>, main=<bound method BuildVerb.main of <colcon_core.verb.build.BuildVerb object at 0x793c00b8cf10>>, mixin_verb=('build',))
[0.385s] Level 1:colcon.colcon_core.package_discovery:discover_packages(colcon_meta) check parameters
[0.385s] Level 1:colcon.colcon_core.package_discovery:discover_packages(recursive) check parameters
[0.386s] Level 1:colcon.colcon_core.package_discovery:discover_packages(ignore) check parameters
[0.386s] Level 1:colcon.colcon_core.package_discovery:discover_packages(path) check parameters
[0.386s] Level 1:colcon.colcon_core.package_discovery:discover_packages(colcon_meta) discover
[0.386s] Level 1:colcon.colcon_core.package_discovery:discover_packages(recursive) discover
[0.386s] INFO:colcon.colcon_core.package_discovery:Crawling recursively for packages in '/home/semegn/agribot_ws'
[0.386s] Level 1:colcon.colcon_core.package_identification:_identify(.) by extensions ['ignore', 'ignore_ament_install']
[0.386s] Level 1:colcon.colcon_core.package_identification:_identify(.) by extension 'ignore'
[0.386s] Level 1:colcon.colcon_core.package_identification:_identify(.) by extension 'ignore_ament_install'
[0.386s] Level 1:colcon.colcon_core.package_identification:_identify(.) by extensions ['colcon_pkg']
[0.386s] Level 1:colcon.colcon_core.package_identification:_identify(.) by extension 'colcon_pkg'
[0.386s] Level 1:colcon.colcon_core.package_identification:_identify(.) by extensions ['colcon_meta']
[0.386s] Level 1:colcon.colcon_core.package_identification:_identify(.) by extension 'colcon_meta'
[0.386s] Level 1:colcon.colcon_core.package_identification:_identify(.) by extensions ['ros']
[0.386s] Level 1:colcon.colcon_core.package_identification:_identify(.) by extension 'ros'
[0.406s] Level 1:colcon.colcon_core.package_identification:_identify(.) by extensions ['cmake', 'python']
[0.406s] Level 1:colcon.colcon_core.package_identification:_identify(.) by extension 'cmake'
[0.406s] Level 1:colcon.colcon_core.package_identification:_identify(.) by extension 'python'
[0.406s] Level 1:colcon.colcon_core.package_identification:_identify(.) by extensions ['python_setup_py']
[0.406s] Level 1:colcon.colcon_core.package_identification:_identify(.) by extension 'python_setup_py'
[0.406s] Level 1:colcon.colcon_core.package_identification:_identify(build) by extensions ['ignore', 'ignore_ament_install']
[0.407s] Level 1:colcon.colcon_core.package_identification:_identify(build) by extension 'ignore'
[0.407s] Level 1:colcon.colcon_core.package_identification:_identify(build) ignored
[0.407s] Level 1:colcon.colcon_core.package_identification:_identify(install) by extensions ['ignore', 'ignore_ament_install']
[0.407s] Level 1:colcon.colcon_core.package_identification:_identify(install) by extension 'ignore'
[0.407s] Level 1:colcon.colcon_core.package_identification:_identify(install) ignored
[0.407s] Level 1:colcon.colcon_core.package_identification:_identify(log) by extensions ['ignore', 'ignore_ament_install']
[0.407s] Level 1:colcon.colcon_core.package_identification:_identify(log) by extension 'ignore'
[0.407s] Level 1:colcon.colcon_core.package_identification:_identify(log) ignored
[0.407s] Level 1:colcon.colcon_core.package_identification:_identify(src) by extensions ['ignore', 'ignore_ament_install']
[0.407s] Level 1:colcon.colcon_core.package_identification:_identify(src) by extension 'ignore'
[0.407s] Level 1:colcon.colcon_core.package_identification:_identify(src) by extension 'ignore_ament_install'
[0.407s] Level 1:colcon.colcon_core.package_identification:_identify(src) by extensions ['colcon_pkg']
[0.407s] Level 1:colcon.colcon_core.package_identification:_identify(src) by extension 'colcon_pkg'
[0.407s] Level 1:colcon.colcon_core.package_identification:_identify(src) by extensions ['colcon_meta']
[0.408s] Level 1:colcon.colcon_core.package_identification:_identify(src) by extension 'colcon_meta'
[0.408s] Level 1:colcon.colcon_core.package_identification:_identify(src) by extensions ['ros']
[0.408s] Level 1:colcon.colcon_core.package_identification:_identify(src) by extension 'ros'
[0.408s] Level 1:colcon.colcon_core.package_identification:_identify(src) by extensions ['cmake', 'python']
[0.408s] Level 1:colcon.colcon_core.package_identification:_identify(src) by extension 'cmake'
[0.408s] Level 1:colcon.colcon_core.package_identification:_identify(src) by extension 'python'
[0.408s] Level 1:colcon.colcon_core.package_identification:_identify(src) by extensions ['python_setup_py']
[0.408s] Level 1:colcon.colcon_core.package_identification:_identify(src) by extension 'python_setup_py'
[0.408s] Level 1:colcon.colcon_core.package_identification:_identify(src/agribot_description) by extensions ['ignore', 'ignore_ament_install']
[0.408s] Level 1:colcon.colcon_core.package_identification:_identify(src/agribot_description) by extension 'ignore'
[0.408s] Level 1:colcon.colcon_core.package_identification:_identify(src/agribot_description) by extension 'ignore_ament_install'
[0.408s] Level 1:colcon.colcon_core.package_identification:_identify(src/agribot_description) by extensions ['colcon_pkg']
[0.408s] Level 1:colcon.colcon_core.package_identification:_identify(src/agribot_description) by extension 'colcon_pkg'
[0.408s] Level 1:colcon.colcon_core.package_identification:_identify(src/agribot_description) by extensions ['colcon_meta']
[0.408s] Level 1:colcon.colcon_core.package_identification:_identify(src/agribot_description) by extension 'colcon_meta'
[0.408s] Level 1:colcon.colcon_core.package_identification:_identify(src/agribot_description) by extensions ['ros']
[0.408s] Level 1:colcon.colcon_core.package_identification:_identify(src/agribot_description) by extension 'ros'
[0.411s] DEBUG:colcon.colcon_core.package_identification:Package 'src/agribot_description' with type 'ros.ament_cmake' and name 'agribot_description'
[0.411s] Level 1:colcon.colcon_core.package_identification:_identify(src/agribot_gazebo) by extensions ['ignore', 'ignore_ament_install']
[0.411s] Level 1:colcon.colcon_core.package_identification:_identify(src/agribot_gazebo) by extension 'ignore'
[0.411s] Level 1:colcon.colcon_core.package_identification:_identify(src/agribot_gazebo) by extension 'ignore_ament_install'
[0.411s] Level 1:colcon.colcon_core.package_identification:_identify(src/agribot_gazebo) by extensions ['colcon_pkg']
[0.411s] Level 1:colcon.colcon_core.package_identification:_identify(src/agribot_gazebo) by extension 'colcon_pkg'
[0.411s] Level 1:colcon.colcon_core.package_identification:_identify(src/agribot_gazebo) by extensions ['colcon_meta']
[0.411s] Level 1:colcon.colcon_core.package_identification:_identify(src/agribot_gazebo) by extension 'colcon_meta'
[0.411s] Level 1:colcon.colcon_core.package_identification:_identify(src/agribot_gazebo) by extensions ['ros']
[0.411s] Level 1:colcon.colcon_core.package_identification:_identify(src/agribot_gazebo) by extension 'ros'
[0.412s] DEBUG:colcon.colcon_core.package_identification:Package 'src/agribot_gazebo' with type 'ros.ament_cmake' and name 'agribot_gazebo'
[0.412s] Level 1:colcon.colcon_core.package_identification:_identify(src/agribot_nav2_bringup) by extensions ['ignore', 'ignore_ament_install']
[0.412s] Level 1:colcon.colcon_core.package_identification:_identify(src/agribot_nav2_bringup) by extension 'ignore'
[0.412s] Level 1:colcon.colcon_core.package_identification:_identify(src/agribot_nav2_bringup) by extension 'ignore_ament_install'
[0.412s] Level 1:colcon.colcon_core.package_identification:_identify(src/agribot_nav2_bringup) by extensions ['colcon_pkg']
[0.412s] Level 1:colcon.colcon_core.package_identification:_identify(src/agribot_nav2_bringup) by extension 'colcon_pkg'
[0.412s] Level 1:colcon.colcon_core.package_identification:_identify(src/agribot_nav2_bringup) by extensions ['colcon_meta']
[0.412s] Level 1:colcon.colcon_core.package_identification:_identify(src/agribot_nav2_bringup) by extension 'colcon_meta'
[0.412s] Level 1:colcon.colcon_core.package_identification:_identify(src/agribot_nav2_bringup) by extensions ['ros']
[0.412s] Level 1:colcon.colcon_core.package_identification:_identify(src/agribot_nav2_bringup) by extension 'ros'
[0.413s] DEBUG:colcon.colcon_core.package_identification:Package 'src/agribot_nav2_bringup' with type 'ros.ament_python' and name 'agribot_nav2_bringup'
[0.413s] Level 1:colcon.colcon_core.package_identification:_identify(src/agribot_navigation) by extensions ['ignore', 'ignore_ament_install']
[0.413s] Level 1:colcon.colcon_core.package_identification:_identify(src/agribot_navigation) by extension 'ignore'
[0.413s] Level 1:colcon.colcon_core.package_identification:_identify(src/agribot_navigation) by extension 'ignore_ament_install'
[0.413s] Level 1:colcon.colcon_core.package_identification:_identify(src/agribot_navigation) by extensions ['colcon_pkg']
[0.413s] Level 1:colcon.colcon_core.package_identification:_identify(src/agribot_navigation) by extension 'colcon_pkg'
[0.413s] Level 1:colcon.colcon_core.package_identification:_identify(src/agribot_navigation) by extensions ['colcon_meta']
[0.413s] Level 1:colcon.colcon_core.package_identification:_identify(src/agribot_navigation) by extension 'colcon_meta'
[0.413s] Level 1:colcon.colcon_core.package_identification:_identify(src/agribot_navigation) by extensions ['ros']
[0.413s] Level 1:colcon.colcon_core.package_identification:_identify(src/agribot_navigation) by extension 'ros'
[0.414s] DEBUG:colcon.colcon_core.package_identification:Package 'src/agribot_navigation' with type 'ros.ament_python' and name 'agribot_navigation'
[0.414s] Level 1:colcon.colcon_core.package_identification:_identify(src/agribot_vision) by extensions ['ignore', 'ignore_ament_install']
[0.414s] Level 1:colcon.colcon_core.package_identification:_identify(src/agribot_vision) by extension 'ignore'
[0.414s] Level 1:colcon.colcon_core.package_identification:_identify(src/agribot_vision) by extension 'ignore_ament_install'
[0.414s] Level 1:colcon.colcon_core.package_identification:_identify(src/agribot_vision) by extensions ['colcon_pkg']
[0.414s] Level 1:colcon.colcon_core.package_identification:_identify(src/agribot_vision) by extension 'colcon_pkg'
[0.415s] Level 1:colcon.colcon_core.package_identification:_identify(src/agribot_vision) by extensions ['colcon_meta']
[0.415s] Level 1:colcon.colcon_core.package_identification:_identify(src/agribot_vision) by extension 'colcon_meta'
[0.415s] Level 1:colcon.colcon_core.package_identification:_identify(src/agribot_vision) by extensions ['ros']
[0.415s] Level 1:colcon.colcon_core.package_identification:_identify(src/agribot_vision) by extension 'ros'
[0.415s] DEBUG:colcon.colcon_core.package_identification:Package 'src/agribot_vision' with type 'ros.ament_python' and name 'agribot_vision'
[0.415s] Level 1:colcon.colcon_core.package_identification:_identify(src/materials) by extensions ['ignore', 'ignore_ament_install']
[0.415s] Level 1:colcon.colcon_core.package_identification:_identify(src/materials) by extension 'ignore'
[0.416s] Level 1:colcon.colcon_core.package_identification:_identify(src/materials) by extension 'ignore_ament_install'
[0.416s] Level 1:colcon.colcon_core.package_identification:_identify(src/materials) by extensions ['colcon_pkg']
[0.416s] Level 1:colcon.colcon_core.package_identification:_identify(src/materials) by extension 'colcon_pkg'
[0.416s] Level 1:colcon.colcon_core.package_identification:_identify(src/materials) by extensions ['colcon_meta']
[0.416s] Level 1:colcon.colcon_core.package_identification:_identify(src/materials) by extension 'colcon_meta'
[0.416s] Level 1:colcon.colcon_core.package_identification:_identify(src/materials) by extensions ['ros']
[0.416s] Level 1:colcon.colcon_core.package_identification:_identify(src/materials) by extension 'ros'
[0.416s] Level 1:colcon.colcon_core.package_identification:_identify(src/materials) by extensions ['cmake', 'python']
[0.416s] Level 1:colcon.colcon_core.package_identification:_identify(src/materials) by extension 'cmake'
[0.416s] Level 1:colcon.colcon_core.package_identification:_identify(src/materials) by extension 'python'
[0.416s] Level 1:colcon.colcon_core.package_identification:_identify(src/materials) by extensions ['python_setup_py']
[0.416s] Level 1:colcon.colcon_core.package_identification:_identify(src/materials) by extension 'python_setup_py'
[0.416s] Level 1:colcon.colcon_core.package_identification:_identify(src/materials/scripts) by extensions ['ignore', 'ignore_ament_install']
[0.416s] Level 1:colcon.colcon_core.package_identification:_identify(src/materials/scripts) by extension 'ignore'
[0.417s] Level 1:colcon.colcon_core.package_identification:_identify(src/materials/scripts) by extension 'ignore_ament_install'
[0.417s] Level 1:colcon.colcon_core.package_identification:_identify(src/materials/scripts) by extensions ['colcon_pkg']
[0.417s] Level 1:colcon.colcon_core.package_identification:_identify(src/materials/scripts) by extension 'colcon_pkg'
[0.417s] Level 1:colcon.colcon_core.package_identification:_identify(src/materials/scripts) by extensions ['colcon_meta']
[0.417s] Level 1:colcon.colcon_core.package_identification:_identify(src/materials/scripts) by extension 'colcon_meta'
[0.417s] Level 1:colcon.colcon_core.package_identification:_identify(src/materials/scripts) by extensions ['ros']
[0.417s] Level 1:colcon.colcon_core.package_identification:_identify(src/materials/scripts) by extension 'ros'
[0.417s] Level 1:colcon.colcon_core.package_identification:_identify(src/materials/scripts) by extensions ['cmake', 'python']
[0.417s] Level 1:colcon.colcon_core.package_identification:_identify(src/materials/scripts) by extension 'cmake'
[0.417s] Level 1:colcon.colcon_core.package_identification:_identify(src/materials/scripts) by extension 'python'
[0.417s] Level 1:colcon.colcon_core.package_identification:_identify(src/materials/scripts) by extensions ['python_setup_py']
[0.417s] Level 1:colcon.colcon_core.package_identification:_identify(src/materials/scripts) by extension 'python_setup_py'
[0.417s] Level 1:colcon.colcon_core.package_discovery:discover_packages(recursive) using defaults
[0.417s] Level 1:colcon.colcon_core.package_discovery:discover_packages(ignore) discover
[0.417s] Level 1:colcon.colcon_core.package_discovery:discover_packages(ignore) using defaults
[0.417s] Level 1:colcon.colcon_core.package_discovery:discover_packages(path) discover
[0.417s] Level 1:colcon.colcon_core.package_discovery:discover_packages(path) using defaults
[0.441s] Level 1:colcon.colcon_core.package_discovery:discover_packages(prefix_path) check parameters
[0.441s] Level 1:colcon.colcon_core.package_discovery:discover_packages(prefix_path) discover
[0.442s] DEBUG:colcon.colcon_installed_package_information.package_discovery:Found 5 installed packages in /home/semegn/agribot_ws/install
[0.444s] DEBUG:colcon.colcon_installed_package_information.package_discovery:Found 440 installed packages in /opt/ros/humble
[0.446s] Level 1:colcon.colcon_core.package_discovery:discover_packages(prefix_path) using defaults
[0.511s] Level 5:colcon.colcon_core.verb:set package 'agribot_description' build argument 'cmake_args' from command line to 'None'
[0.511s] Level 5:colcon.colcon_core.verb:set package 'agribot_description' build argument 'cmake_target' from command line to 'None'
[0.511s] Level 5:colcon.colcon_core.verb:set package 'agribot_description' build argument 'cmake_target_skip_unavailable' from command line to 'False'
[0.511s] Level 5:colcon.colcon_core.verb:set package 'agribot_description' build argument 'cmake_clean_cache' from command line to 'False'
[0.511s] Level 5:colcon.colcon_core.verb:set package 'agribot_description' build argument 'cmake_clean_first' from command line to 'False'
[0.511s] Level 5:colcon.colcon_core.verb:set package 'agribot_description' build argument 'cmake_force_configure' from command line to 'False'
[0.511s] Level 5:colcon.colcon_core.verb:set package 'agribot_description' build argument 'ament_cmake_args' from command line to 'None'
[0.511s] Level 5:colcon.colcon_core.verb:set package 'agribot_description' build argument 'catkin_cmake_args' from command line to 'None'
[0.511s] Level 5:colcon.colcon_core.verb:set package 'agribot_description' build argument 'catkin_skip_building_tests' from command line to 'False'
[0.511s] DEBUG:colcon.colcon_core.verb:Building package 'agribot_description' with the following arguments: {'ament_cmake_args': None, 'build_base': '/home/semegn/agribot_ws/build/agribot_description', 'catkin_cmake_args': None, 'catkin_skip_building_tests': False, 'cmake_args': None, 'cmake_clean_cache': False, 'cmake_clean_first': False, 'cmake_force_configure': False, 'cmake_target': None, 'cmake_target_skip_unavailable': False, 'install_base': '/home/semegn/agribot_ws/install/agribot_description', 'merge_install': False, 'path': '/home/semegn/agribot_ws/src/agribot_description', 'symlink_install': False, 'test_result_base': None}
[0.512s] Level 5:colcon.colcon_core.verb:set package 'agribot_gazebo' build argument 'cmake_args' from command line to 'None'
[0.512s] Level 5:colcon.colcon_core.verb:set package 'agribot_gazebo' build argument 'cmake_target' from command line to 'None'
[0.512s] Level 5:colcon.colcon_core.verb:set package 'agribot_gazebo' build argument 'cmake_target_skip_unavailable' from command line to 'False'
[0.512s] Level 5:colcon.colcon_core.verb:set package 'agribot_gazebo' build argument 'cmake_clean_cache' from command line to 'False'
[0.512s] Level 5:colcon.colcon_core.verb:set package 'agribot_gazebo' build argument 'cmake_clean_first' from command line to 'False'
[0.512s] Level 5:colcon.colcon_core.verb:set package 'agribot_gazebo' build argument 'cmake_force_configure' from command line to 'False'
[0.512s] Level 5:colcon.colcon_core.verb:set package 'agribot_gazebo' build argument 'ament_cmake_args' from command line to 'None'
[0.512s] Level 5:colcon.colcon_core.verb:set package 'agribot_gazebo' build argument 'catkin_cmake_args' from command line to 'None'
[0.512s] Level 5:colcon.colcon_core.verb:set package 'agribot_gazebo' build argument 'catkin_skip_building_tests' from command line to 'False'
[0.512s] DEBUG:colcon.colcon_core.verb:Building package 'agribot_gazebo' with the following arguments: {'ament_cmake_args': None, 'build_base': '/home/semegn/agribot_ws/build/agribot_gazebo', 'catkin_cmake_args': None, 'catkin_skip_building_tests': False, 'cmake_args': None, 'cmake_clean_cache': False, 'cmake_clean_first': False, 'cmake_force_configure': False, 'cmake_target': None, 'cmake_target_skip_unavailable': False, 'install_base': '/home/semegn/agribot_ws/install/agribot_gazebo', 'merge_install': False, 'path': '/home/semegn/agribot_ws/src/agribot_gazebo', 'symlink_install': False, 'test_result_base': None}
[0.512s] Level 5:colcon.colcon_core.verb:set package 'agribot_nav2_bringup' build argument 'cmake_args' from command line to 'None'
[0.512s] Level 5:colcon.colcon_core.verb:set package 'agribot_nav2_bringup' build argument 'cmake_target' from command line to 'None'
[0.512s] Level 5:colcon.colcon_core.verb:set package 'agribot_nav2_bringup' build argument 'cmake_target_skip_unavailable' from command line to 'False'
[0.512s] Level 5:colcon.colcon_core.verb:set package 'agribot_nav2_bringup' build argument 'cmake_clean_cache' from command line to 'False'
[0.512s] Level 5:colcon.colcon_core.verb:set package 'agribot_nav2_bringup' build argument 'cmake_clean_first' from command line to 'False'
[0.512s] Level 5:colcon.colcon_core.verb:set package 'agribot_nav2_bringup' build argument 'cmake_force_configure' from command line to 'False'
[0.512s] Level 5:colcon.colcon_core.verb:set package 'agribot_nav2_bringup' build argument 'ament_cmake_args' from command line to 'None'
[0.512s] Level 5:colcon.colcon_core.verb:set package 'agribot_nav2_bringup' build argument 'catkin_cmake_args' from command line to 'None'
[0.512s] Level 5:colcon.colcon_core.verb:set package 'agribot_nav2_bringup' build argument 'catkin_skip_building_tests' from command line to 'False'
[0.513s] DEBUG:colcon.colcon_core.verb:Building package 'agribot_nav2_bringup' with the following arguments: {'ament_cmake_args': None, 'build_base': '/home/semegn/agribot_ws/build/agribot_nav2_bringup', 'catkin_cmake_args': None, 'catkin_skip_building_tests': False, 'cmake_args': None, 'cmake_clean_cache': False, 'cmake_clean_first': False, 'cmake_force_configure': False, 'cmake_target': None, 'cmake_target_skip_unavailable': False, 'install_base': '/home/semegn/agribot_ws/install/agribot_nav2_bringup', 'merge_install': False, 'path': '/home/semegn/agribot_ws/src/agribot_nav2_bringup', 'symlink_install': False, 'test_result_base': None}
[0.513s] Level 5:colcon.colcon_core.verb:set package 'agribot_navigation' build argument 'cmake_args' from command line to 'None'
[0.513s] Level 5:colcon.colcon_core.verb:set package 'agribot_navigation' build argument 'cmake_target' from command line to 'None'
[0.513s] Level 5:colcon.colcon_core.verb:set package 'agribot_navigation' build argument 'cmake_target_skip_unavailable' from command line to 'False'
[0.513s] Level 5:colcon.colcon_core.verb:set package 'agribot_navigation' build argument 'cmake_clean_cache' from command line to 'False'
[0.513s] Level 5:colcon.colcon_core.verb:set package 'agribot_navigation' build argument 'cmake_clean_first' from command line to 'False'
[0.513s] Level 5:colcon.colcon_core.verb:set package 'agribot_navigation' build argument 'cmake_force_configure' from command line to 'False'
[0.513s] Level 5:colcon.colcon_core.verb:set package 'agribot_navigation' build argument 'ament_cmake_args' from command line to 'None'
[0.513s] Level 5:colcon.colcon_core.verb:set package 'agribot_navigation' build argument 'catkin_cmake_args' from command line to 'None'
[0.513s] Level 5:colcon.colcon_core.verb:set package 'agribot_navigation' build argument 'catkin_skip_building_tests' from command line to 'False'
[0.513s] DEBUG:colcon.colcon_core.verb:Building package 'agribot_navigation' with the following arguments: {'ament_cmake_args': None, 'build_base': '/home/semegn/agribot_ws/build/agribot_navigation', 'catkin_cmake_args': None, 'catkin_skip_building_tests': False, 'cmake_args': None, 'cmake_clean_cache': False, 'cmake_clean_first': False, 'cmake_force_configure': False, 'cmake_target': None, 'cmake_target_skip_unavailable': False, 'install_base': '/home/semegn/agribot_ws/install/agribot_navigation', 'merge_install': False, 'path': '/home/semegn/agribot_ws/src/agribot_navigation', 'symlink_install': False, 'test_result_base': None}
[0.513s] Level 5:colcon.colcon_core.verb:set package 'agribot_vision' build argument 'cmake_args' from command line to 'None'
[0.513s] Level 5:colcon.colcon_core.verb:set package 'agribot_vision' build argument 'cmake_target' from command line to 'None'
[0.513s] Level 5:colcon.colcon_core.verb:set package 'agribot_vision' build argument 'cmake_target_skip_unavailable' from command line to 'False'
[0.513s] Level 5:colcon.colcon_core.verb:set package 'agribot_vision' build argument 'cmake_clean_cache' from command line to 'False'
[0.514s] Level 5:colcon.colcon_core.verb:set package 'agribot_vision' build argument 'cmake_clean_first' from command line to 'False'
[0.514s] Level 5:colcon.colcon_core.verb:set package 'agribot_vision' build argument 'cmake_force_configure' from command line to 'False'
[0.514s] Level 5:colcon.colcon_core.verb:set package 'agribot_vision' build argument 'ament_cmake_args' from command line to 'None'
[0.514s] Level 5:colcon.colcon_core.verb:set package 'agribot_vision' build argument 'catkin_cmake_args' from command line to 'None'
[0.514s] Level 5:colcon.colcon_core.verb:set package 'agribot_vision' build argument 'catkin_skip_building_tests' from command line to 'False'
[0.514s] DEBUG:colcon.colcon_core.verb:Building package 'agribot_vision' with the following arguments: {'ament_cmake_args': None, 'build_base': '/home/semegn/agribot_ws/build/agribot_vision', 'catkin_cmake_args': None, 'catkin_skip_building_tests': False, 'cmake_args': None, 'cmake_clean_cache': False, 'cmake_clean_first': False, 'cmake_force_configure': False, 'cmake_target': None, 'cmake_target_skip_unavailable': False, 'install_base': '/home/semegn/agribot_ws/install/agribot_vision', 'merge_install': False, 'path': '/home/semegn/agribot_ws/src/agribot_vision', 'symlink_install': False, 'test_result_base': None}
[0.514s] INFO:colcon.colcon_core.executor:Executing jobs using 'parallel' executor
[0.515s] DEBUG:colcon.colcon_parallel_executor.executor.parallel:run_until_complete
[0.515s] INFO:colcon.colcon_ros.task.ament_cmake.build:Building ROS package in '/home/semegn/agribot_ws/src/agribot_description' with build type 'ament_cmake'
[0.515s] INFO:colcon.colcon_cmake.task.cmake.build:Building CMake package in '/home/semegn/agribot_ws/src/agribot_description'
[0.517s] INFO:colcon.colcon_core.plugin_system:Skipping extension 'colcon_core.shell.bat': Not used on non-Windows systems
[0.517s] INFO:colcon.colcon_core.shell:Skip shell extension 'powershell' for command environment: Not usable outside of PowerShell
[0.517s] DEBUG:colcon.colcon_core.shell:Skip shell extension 'dsv' for command environment
[0.523s] INFO:colcon.colcon_ros.task.ament_cmake.build:Building ROS package in '/home/semegn/agribot_ws/src/agribot_gazebo' with build type 'ament_cmake'
[0.523s] INFO:colcon.colcon_cmake.task.cmake.build:Building CMake package in '/home/semegn/agribot_ws/src/agribot_gazebo'
[0.524s] INFO:colcon.colcon_core.shell:Skip shell extension 'powershell' for command environment: Not usable outside of PowerShell
[0.524s] DEBUG:colcon.colcon_core.shell:Skip shell extension 'dsv' for command environment
[0.529s] INFO:colcon.colcon_ros.task.ament_python.build:Building ROS package in '/home/semegn/agribot_ws/src/agribot_nav2_bringup' with build type 'ament_python'
[0.530s] Level 1:colcon.colcon_core.shell:create_environment_hook('agribot_nav2_bringup', 'ament_prefix_path')
[0.530s] INFO:colcon.colcon_core.shell:Creating environment hook '/home/semegn/agribot_ws/install/agribot_nav2_bringup/share/agribot_nav2_bringup/hook/ament_prefix_path.ps1'
[0.531s] INFO:colcon.colcon_core.shell:Creating environment descriptor '/home/semegn/agribot_ws/install/agribot_nav2_bringup/share/agribot_nav2_bringup/hook/ament_prefix_path.dsv'
[0.532s] INFO:colcon.colcon_core.shell:Creating environment hook '/home/semegn/agribot_ws/install/agribot_nav2_bringup/share/agribot_nav2_bringup/hook/ament_prefix_path.sh'
[0.533s] INFO:colcon.colcon_core.shell:Skip shell extension 'powershell' for command environment: Not usable outside of PowerShell
[0.533s] DEBUG:colcon.colcon_core.shell:Skip shell extension 'dsv' for command environment
[0.537s] INFO:colcon.colcon_ros.task.ament_python.build:Building ROS package in '/home/semegn/agribot_ws/src/agribot_navigation' with build type 'ament_python'
[0.537s] Level 1:colcon.colcon_core.shell:create_environment_hook('agribot_navigation', 'ament_prefix_path')
[0.537s] INFO:colcon.colcon_core.shell:Creating environment hook '/home/semegn/agribot_ws/install/agribot_navigation/share/agribot_navigation/hook/ament_prefix_path.ps1'
[0.538s] INFO:colcon.colcon_core.shell:Creating environment descriptor '/home/semegn/agribot_ws/install/agribot_navigation/share/agribot_navigation/hook/ament_prefix_path.dsv'
[0.538s] INFO:colcon.colcon_core.shell:Creating environment hook '/home/semegn/agribot_ws/install/agribot_navigation/share/agribot_navigation/hook/ament_prefix_path.sh'
[0.539s] INFO:colcon.colcon_core.shell:Skip shell extension 'powershell' for command environment: Not usable outside of PowerShell
[0.539s] DEBUG:colcon.colcon_core.shell:Skip shell extension 'dsv' for command environment
[0.544s] INFO:colcon.colcon_ros.task.ament_python.build:Building ROS package in '/home/semegn/agribot_ws/src/agribot_vision' with build type 'ament_python'
[0.544s] Level 1:colcon.colcon_core.shell:create_environment_hook('agribot_vision', 'ament_prefix_path')
[0.544s] INFO:colcon.colcon_core.shell:Creating environment hook '/home/semegn/agribot_ws/install/agribot_vision/share/agribot_vision/hook/ament_prefix_path.ps1'
[0.545s] INFO:colcon.colcon_core.shell:Creating environment descriptor '/home/semegn/agribot_ws/install/agribot_vision/share/agribot_vision/hook/ament_prefix_path.dsv'
[0.545s] INFO:colcon.colcon_core.shell:Creating environment hook '/home/semegn/agribot_ws/install/agribot_vision/share/agribot_vision/hook/ament_prefix_path.sh'
[0.546s] INFO:colcon.colcon_core.shell:Skip shell extension 'powershell' for command environment: Not usable outside of PowerShell
[0.546s] DEBUG:colcon.colcon_core.shell:Skip shell extension 'dsv' for command environment
[0.556s] DEBUG:colcon.colcon_core.event_handler.log_command:Invoking command in '/home/semegn/agribot_ws/build/agribot_description': CMAKE_PREFIX_PATH=${CMAKE_PREFIX_PATH}:/home/semegn/agribot_ws/install/agribot_vision:/home/semegn/agribot_ws/install/agribot_navigation:/home/semegn/agribot_ws/install/agribot_nav2_bringup:/opt/ros/humble /usr/bin/cmake --build /home/semegn/agribot_ws/build/agribot_description -- -j8 -l8
[0.559s] DEBUG:colcon.colcon_core.event_handler.log_command:Invoking command in '/home/semegn/agribot_ws/build/agribot_gazebo': CMAKE_PREFIX_PATH=${CMAKE_PREFIX_PATH}:/home/semegn/agribot_ws/install/agribot_vision:/home/semegn/agribot_ws/install/agribot_navigation:/home/semegn/agribot_ws/install/agribot_nav2_bringup:/opt/ros/humble /usr/bin/cmake --build /home/semegn/agribot_ws/build/agribot_gazebo -- -j8 -l8
[0.899s] INFO:colcon.colcon_core.task.python.build:Building Python package in '/home/semegn/agribot_ws/src/agribot_nav2_bringup'
[0.899s] INFO:colcon.colcon_core.shell:Skip shell extension 'powershell' for command environment: Not usable outside of PowerShell
[0.900s] DEBUG:colcon.colcon_core.shell:Skip shell extension 'dsv' for command environment
[1.242s] INFO:colcon.colcon_core.task.python.build:Building Python package in '/home/semegn/agribot_ws/src/agribot_navigation'
[1.243s] INFO:colcon.colcon_core.shell:Skip shell extension 'powershell' for command environment: Not usable outside of PowerShell
[1.243s] DEBUG:colcon.colcon_core.shell:Skip shell extension 'dsv' for command environment
[1.584s] INFO:colcon.colcon_core.task.python.build:Building Python package in '/home/semegn/agribot_ws/src/agribot_vision'
[1.584s] INFO:colcon.colcon_core.shell:Skip shell extension 'powershell' for command environment: Not usable outside of PowerShell
[1.584s] DEBUG:colcon.colcon_core.shell:Skip shell extension 'dsv' for command environment
[1.590s] DEBUG:colcon.colcon_core.event_handler.log_command:Invoked command in '/home/semegn/agribot_ws/build/agribot_gazebo' returned '0': CMAKE_PREFIX_PATH=${CMAKE_PREFIX_PATH}:/home/semegn/agribot_ws/install/agribot_vision:/home/semegn/agribot_ws/install/agribot_navigation:/home/semegn/agribot_ws/install/agribot_nav2_bringup:/opt/ros/humble /usr/bin/cmake --build /home/semegn/agribot_ws/build/agribot_gazebo -- -j8 -l8
[1.601s] DEBUG:colcon.colcon_core.event_handler.log_command:Invoking command in '/home/semegn/agribot_ws/build/agribot_gazebo': CMAKE_PREFIX_PATH=${CMAKE_PREFIX_PATH}:/home/semegn/agribot_ws/install/agribot_vision:/home/semegn/agribot_ws/install/agribot_navigation:/home/semegn/agribot_ws/install/agribot_nav2_bringup:/opt/ros/humble /usr/bin/cmake --install /home/semegn/agribot_ws/build/agribot_gazebo
[1.602s] DEBUG:colcon.colcon_core.event_handler.log_command:Invoked command in '/home/semegn/agribot_ws/build/agribot_description' returned '0': CMAKE_PREFIX_PATH=${CMAKE_PREFIX_PATH}:/home/semegn/agribot_ws/install/agribot_vision:/home/semegn/agribot_ws/install/agribot_navigation:/home/semegn/agribot_ws/install/agribot_nav2_bringup:/opt/ros/humble /usr/bin/cmake --build /home/semegn/agribot_ws/build/agribot_description -- -j8 -l8
[1.603s] DEBUG:colcon.colcon_core.event_handler.log_command:Invoking command in '/home/semegn/agribot_ws/build/agribot_description': CMAKE_PREFIX_PATH=${CMAKE_PREFIX_PATH}:/home/semegn/agribot_ws/install/agribot_vision:/home/semegn/agribot_ws/install/agribot_navigation:/home/semegn/agribot_ws/install/agribot_nav2_bringup:/opt/ros/humble /usr/bin/cmake --install /home/semegn/agribot_ws/build/agribot_description
[1.629s] Level 1:colcon.colcon_core.environment:create_environment_scripts_only(agribot_description)
[1.630s] DEBUG:colcon.colcon_core.event_handler.log_command:Invoked command in '/home/semegn/agribot_ws/build/agribot_description' returned '0': CMAKE_PREFIX_PATH=${CMAKE_PREFIX_PATH}:/home/semegn/agribot_ws/install/agribot_vision:/home/semegn/agribot_ws/install/agribot_navigation:/home/semegn/agribot_ws/install/agribot_nav2_bringup:/opt/ros/humble /usr/bin/cmake --install /home/semegn/agribot_ws/build/agribot_description
[1.634s] Level 1:colcon.colcon_core.environment:checking '/home/semegn/agribot_ws/install/agribot_description' for CMake module files
[1.634s] Level 1:colcon.colcon_core.environment:checking '/home/semegn/agribot_ws/install/agribot_description' for CMake config files
[1.635s] Level 1:colcon.colcon_core.shell:create_environment_hook('agribot_description', 'cmake_prefix_path')
[1.635s] INFO:colcon.colcon_core.shell:Creating environment hook '/home/semegn/agribot_ws/install/agribot_description/share/agribot_description/hook/cmake_prefix_path.ps1'
[1.636s] INFO:colcon.colcon_core.shell:Creating environment descriptor '/home/semegn/agribot_ws/install/agribot_description/share/agribot_description/hook/cmake_prefix_path.dsv'
[1.637s] INFO:colcon.colcon_core.shell:Creating environment hook '/home/semegn/agribot_ws/install/agribot_description/share/agribot_description/hook/cmake_prefix_path.sh'
[1.638s] Level 1:colcon.colcon_core.environment:checking '/home/semegn/agribot_ws/install/agribot_description/bin'
[1.638s] Level 1:colcon.colcon_core.environment:checking '/home/semegn/agribot_ws/install/agribot_description/lib/pkgconfig/agribot_description.pc'
[1.638s] Level 1:colcon.colcon_core.environment:checking '/home/semegn/agribot_ws/install/agribot_description/lib/python3.10/site-packages'
[1.638s] Level 1:colcon.colcon_core.environment:checking '/home/semegn/agribot_ws/install/agribot_description/bin'
[1.639s] INFO:colcon.colcon_core.shell:Creating package script '/home/semegn/agribot_ws/install/agribot_description/share/agribot_description/package.ps1'
[1.640s] INFO:colcon.colcon_core.shell:Creating package descriptor '/home/semegn/agribot_ws/install/agribot_description/share/agribot_description/package.dsv'
[1.641s] INFO:colcon.colcon_core.shell:Creating package script '/home/semegn/agribot_ws/install/agribot_description/share/agribot_description/package.sh'
[1.642s] INFO:colcon.colcon_core.shell:Creating package script '/home/semegn/agribot_ws/install/agribot_description/share/agribot_description/package.bash'
[1.644s] INFO:colcon.colcon_core.shell:Creating package script '/home/semegn/agribot_ws/install/agribot_description/share/agribot_description/package.zsh'
[1.645s] Level 1:colcon.colcon_core.environment:create_file_with_runtime_dependencies(/home/semegn/agribot_ws/install/agribot_description/share/colcon-core/packages/agribot_description)
[1.646s] Level 1:colcon.colcon_core.environment:create_environment_scripts_only(agribot_description)
[1.646s] Level 1:colcon.colcon_core.environment:checking '/home/semegn/agribot_ws/install/agribot_description' for CMake module files
[1.647s] Level 1:colcon.colcon_core.environment:checking '/home/semegn/agribot_ws/install/agribot_description' for CMake config files
[1.647s] Level 1:colcon.colcon_core.shell:create_environment_hook('agribot_description', 'cmake_prefix_path')
[1.647s] INFO:colcon.colcon_core.shell:Creating environment hook '/home/semegn/agribot_ws/install/agribot_description/share/agribot_description/hook/cmake_prefix_path.ps1'
[1.648s] INFO:colcon.colcon_core.shell:Creating environment descriptor '/home/semegn/agribot_ws/install/agribot_description/share/agribot_description/hook/cmake_prefix_path.dsv'
[1.648s] INFO:colcon.colcon_core.shell:Creating environment hook '/home/semegn/agribot_ws/install/agribot_description/share/agribot_description/hook/cmake_prefix_path.sh'
[1.649s] Level 1:colcon.colcon_core.environment:checking '/home/semegn/agribot_ws/install/agribot_description/bin'
[1.649s] Level 1:colcon.colcon_core.environment:checking '/home/semegn/agribot_ws/install/agribot_description/lib/pkgconfig/agribot_description.pc'
[1.649s] Level 1:colcon.colcon_core.environment:checking '/home/semegn/agribot_ws/install/agribot_description/lib/python3.10/site-packages'
[1.650s] Level 1:colcon.colcon_core.environment:checking '/home/semegn/agribot_ws/install/agribot_description/bin'
[1.650s] INFO:colcon.colcon_core.shell:Creating package script '/home/semegn/agribot_ws/install/agribot_description/share/agribot_description/package.ps1'
[1.651s] INFO:colcon.colcon_core.shell:Creating package descriptor '/home/semegn/agribot_ws/install/agribot_description/share/agribot_description/package.dsv'
[1.651s] INFO:colcon.colcon_core.shell:Creating package script '/home/semegn/agribot_ws/install/agribot_description/share/agribot_description/package.sh'
[1.652s] INFO:colcon.colcon_core.shell:Creating package script '/home/semegn/agribot_ws/install/agribot_description/share/agribot_description/package.bash'
[1.652s] INFO:colcon.colcon_core.shell:Creating package script '/home/semegn/agribot_ws/install/agribot_description/share/agribot_description/package.zsh'
[1.653s] Level 1:colcon.colcon_core.environment:create_file_with_runtime_dependencies(/home/semegn/agribot_ws/install/agribot_description/share/colcon-core/packages/agribot_description)
[1.654s] Level 1:colcon.colcon_core.environment:create_environment_scripts_only(agribot_gazebo)
[1.654s] Level 1:colcon.colcon_core.environment:checking '/home/semegn/agribot_ws/install/agribot_gazebo' for CMake module files
[1.655s] DEBUG:colcon.colcon_core.event_handler.log_command:Invoked command in '/home/semegn/agribot_ws/build/agribot_gazebo' returned '0': CMAKE_PREFIX_PATH=${CMAKE_PREFIX_PATH}:/home/semegn/agribot_ws/install/agribot_vision:/home/semegn/agribot_ws/install/agribot_navigation:/home/semegn/agribot_ws/install/agribot_nav2_bringup:/opt/ros/humble /usr/bin/cmake --install /home/semegn/agribot_ws/build/agribot_gazebo
[1.656s] Level 1:colcon.colcon_core.environment:checking '/home/semegn/agribot_ws/install/agribot_gazebo' for CMake config files
[1.656s] Level 1:colcon.colcon_core.shell:create_environment_hook('agribot_gazebo', 'cmake_prefix_path')
[1.657s] INFO:colcon.colcon_core.shell:Creating environment hook '/home/semegn/agribot_ws/install/agribot_gazebo/share/agribot_gazebo/hook/cmake_prefix_path.ps1'
[1.657s] INFO:colcon.colcon_core.shell:Creating environment descriptor '/home/semegn/agribot_ws/install/agribot_gazebo/share/agribot_gazebo/hook/cmake_prefix_path.dsv'
[1.658s] INFO:colcon.colcon_core.shell:Creating environment hook '/home/semegn/agribot_ws/install/agribot_gazebo/share/agribot_gazebo/hook/cmake_prefix_path.sh'
[1.658s] Level 1:colcon.colcon_core.environment:checking '/home/semegn/agribot_ws/install/agribot_gazebo/bin'
[1.658s] Level 1:colcon.colcon_core.environment:checking '/home/semegn/agribot_ws/install/agribot_gazebo/lib/pkgconfig/agribot_gazebo.pc'
[1.659s] Level 1:colcon.colcon_core.environment:checking '/home/semegn/agribot_ws/install/agribot_gazebo/lib/python3.10/site-packages'
[1.659s] Level 1:colcon.colcon_core.environment:checking '/home/semegn/agribot_ws/install/agribot_gazebo/bin'
[1.659s] INFO:colcon.colcon_core.shell:Creating package script '/home/semegn/agribot_ws/install/agribot_gazebo/share/agribot_gazebo/package.ps1'
[1.660s] INFO:colcon.colcon_core.shell:Creating package descriptor '/home/semegn/agribot_ws/install/agribot_gazebo/share/agribot_gazebo/package.dsv'
[1.661s] INFO:colcon.colcon_core.shell:Creating package script '/home/semegn/agribot_ws/install/agribot_gazebo/share/agribot_gazebo/package.sh'
[1.661s] INFO:colcon.colcon_core.shell:Creating package script '/home/semegn/agribot_ws/install/agribot_gazebo/share/agribot_gazebo/package.bash'
[1.661s] INFO:colcon.colcon_core.shell:Creating package script '/home/semegn/agribot_ws/install/agribot_gazebo/share/agribot_gazebo/package.zsh'
[1.662s] Level 1:colcon.colcon_core.environment:create_file_with_runtime_dependencies(/home/semegn/agribot_ws/install/agribot_gazebo/share/colcon-core/packages/agribot_gazebo)
[1.663s] Level 1:colcon.colcon_core.environment:create_environment_scripts_only(agribot_gazebo)
[1.663s] Level 1:colcon.colcon_core.environment:checking '/home/semegn/agribot_ws/install/agribot_gazebo' for CMake module files
[1.664s] Level 1:colcon.colcon_core.environment:checking '/home/semegn/agribot_ws/install/agribot_gazebo' for CMake config files
[1.664s] Level 1:colcon.colcon_core.shell:create_environment_hook('agribot_gazebo', 'cmake_prefix_path')
[1.665s] INFO:colcon.colcon_core.shell:Creating environment hook '/home/semegn/agribot_ws/install/agribot_gazebo/share/agribot_gazebo/hook/cmake_prefix_path.ps1'
[1.665s] INFO:colcon.colcon_core.shell:Creating environment descriptor '/home/semegn/agribot_ws/install/agribot_gazebo/share/agribot_gazebo/hook/cmake_prefix_path.dsv'
[1.665s] INFO:colcon.colcon_core.shell:Creating environment hook '/home/semegn/agribot_ws/install/agribot_gazebo/share/agribot_gazebo/hook/cmake_prefix_path.sh'
[1.666s] Level 1:colcon.colcon_core.environment:checking '/home/semegn/agribot_ws/install/agribot_gazebo/bin'
[1.666s] Level 1:colcon.colcon_core.environment:checking '/home/semegn/agribot_ws/install/agribot_gazebo/lib/pkgconfig/agribot_gazebo.pc'
[1.666s] Level 1:colcon.colcon_core.environment:checking '/home/semegn/agribot_ws/install/agribot_gazebo/lib/python3.10/site-packages'
[1.667s] Level 1:colcon.colcon_core.environment:checking '/home/semegn/agribot_ws/install/agribot_gazebo/bin'
[1.667s] INFO:colcon.colcon_core.shell:Creating package script '/home/semegn/agribot_ws/install/agribot_gazebo/share/agribot_gazebo/package.ps1'
[1.668s] INFO:colcon.colcon_core.shell:Creating package descriptor '/home/semegn/agribot_ws/install/agribot_gazebo/share/agribot_gazebo/package.dsv'
[1.668s] INFO:colcon.colcon_core.shell:Creating package script '/home/semegn/agribot_ws/install/agribot_gazebo/share/agribot_gazebo/package.sh'
[1.669s] INFO:colcon.colcon_core.shell:Creating package script '/home/semegn/agribot_ws/install/agribot_gazebo/share/agribot_gazebo/package.bash'
[1.669s] INFO:colcon.colcon_core.shell:Creating package script '/home/semegn/agribot_ws/install/agribot_gazebo/share/agribot_gazebo/package.zsh'
[1.670s] Level 1:colcon.colcon_core.environment:create_file_with_runtime_dependencies(/home/semegn/agribot_ws/install/agribot_gazebo/share/colcon-core/packages/agribot_gazebo)
[2.139s] DEBUG:colcon.colcon_core.event_handler.log_command:Invoking command in '/home/semegn/agribot_ws/src/agribot_nav2_bringup': PYTHONPATH=/home/semegn/agribot_ws/build/agribot_nav2_bringup/prefix_override:/usr/lib/python3/dist-packages/colcon_core/task/python/colcon_distutils_commands:/home/semegn/agribot_ws/install/agribot_nav2_bringup/lib/python3.10/site-packages:${PYTHONPATH} /usr/bin/python3 -W ignore:setup.py install is deprecated -W ignore:easy_install command is deprecated setup.py egg_info --egg-base ../../build/agribot_nav2_bringup build --build-base /home/semegn/agribot_ws/build/agribot_nav2_bringup/build install --record /home/semegn/agribot_ws/build/agribot_nav2_bringup/install.log --single-version-externally-managed install_data
[2.226s] DEBUG:colcon.colcon_core.event_handler.log_command:Invoking command in '/home/semegn/agribot_ws/src/agribot_vision': PYTHONPATH=/home/semegn/agribot_ws/build/agribot_vision/prefix_override:/usr/lib/python3/dist-packages/colcon_core/task/python/colcon_distutils_commands:/home/semegn/agribot_ws/install/agribot_vision/lib/python3.10/site-packages:${PYTHONPATH} /usr/bin/python3 -W ignore:setup.py install is deprecated -W ignore:easy_install command is deprecated setup.py egg_info --egg-base ../../build/agribot_vision build --build-base /home/semegn/agribot_ws/build/agribot_vision/build install --record /home/semegn/agribot_ws/build/agribot_vision/install.log --single-version-externally-managed install_data
[2.242s] DEBUG:colcon.colcon_core.event_handler.log_command:Invoking command in '/home/semegn/agribot_ws/src/agribot_navigation': PYTHONPATH=/home/semegn/agribot_ws/build/agribot_navigation/prefix_override:/usr/lib/python3/dist-packages/colcon_core/task/python/colcon_distutils_commands:/home/semegn/agribot_ws/install/agribot_navigation/lib/python3.10/site-packages:${PYTHONPATH} /usr/bin/python3 -W ignore:setup.py install is deprecated -W ignore:easy_install command is deprecated setup.py egg_info --egg-base ../../build/agribot_navigation build --build-base /home/semegn/agribot_ws/build/agribot_navigation/build install --record /home/semegn/agribot_ws/build/agribot_navigation/install.log --single-version-externally-managed install_data
[2.617s] Level 1:colcon.colcon_core.environment:checking '/home/semegn/agribot_ws/install/agribot_nav2_bringup' for CMake module files
[2.618s] DEBUG:colcon.colcon_core.event_handler.log_command:Invoked command in '/home/semegn/agribot_ws/src/agribot_nav2_bringup' returned '0': PYTHONPATH=/home/semegn/agribot_ws/build/agribot_nav2_bringup/prefix_override:/usr/lib/python3/dist-packages/colcon_core/task/python/colcon_distutils_commands:/home/semegn/agribot_ws/install/agribot_nav2_bringup/lib/python3.10/site-packages:${PYTHONPATH} /usr/bin/python3 -W ignore:setup.py install is deprecated -W ignore:easy_install command is deprecated setup.py egg_info --egg-base ../../build/agribot_nav2_bringup build --build-base /home/semegn/agribot_ws/build/agribot_nav2_bringup/build install --record /home/semegn/agribot_ws/build/agribot_nav2_bringup/install.log --single-version-externally-managed install_data
[2.618s] Level 1:colcon.colcon_core.environment:checking '/home/semegn/agribot_ws/install/agribot_nav2_bringup' for CMake config files
[2.619s] Level 1:colcon.colcon_core.environment:checking '/home/semegn/agribot_ws/install/agribot_nav2_bringup/lib'
[2.619s] Level 1:colcon.colcon_core.environment:checking '/home/semegn/agribot_ws/install/agribot_nav2_bringup/bin'
[2.619s] Level 1:colcon.colcon_core.environment:checking '/home/semegn/agribot_ws/install/agribot_nav2_bringup/lib/pkgconfig/agribot_nav2_bringup.pc'
[2.620s] Level 1:colcon.colcon_core.environment:checking '/home/semegn/agribot_ws/install/agribot_nav2_bringup/lib/python3.10/site-packages'
[2.620s] Level 1:colcon.colcon_core.shell:create_environment_hook('agribot_nav2_bringup', 'pythonpath')
[2.620s] INFO:colcon.colcon_core.shell:Creating environment hook '/home/semegn/agribot_ws/install/agribot_nav2_bringup/share/agribot_nav2_bringup/hook/pythonpath.ps1'
[2.621s] INFO:colcon.colcon_core.shell:Creating environment descriptor '/home/semegn/agribot_ws/install/agribot_nav2_bringup/share/agribot_nav2_bringup/hook/pythonpath.dsv'
[2.621s] INFO:colcon.colcon_core.shell:Creating environment hook '/home/semegn/agribot_ws/install/agribot_nav2_bringup/share/agribot_nav2_bringup/hook/pythonpath.sh'
[2.622s] Level 1:colcon.colcon_core.environment:checking '/home/semegn/agribot_ws/install/agribot_nav2_bringup/bin'
[2.622s] Level 1:colcon.colcon_core.environment:create_environment_scripts_only(agribot_nav2_bringup)
[2.623s] INFO:colcon.colcon_core.shell:Creating package script '/home/semegn/agribot_ws/install/agribot_nav2_bringup/share/agribot_nav2_bringup/package.ps1'
[2.623s] INFO:colcon.colcon_core.shell:Creating package descriptor '/home/semegn/agribot_ws/install/agribot_nav2_bringup/share/agribot_nav2_bringup/package.dsv'
[2.624s] INFO:colcon.colcon_core.shell:Creating package script '/home/semegn/agribot_ws/install/agribot_nav2_bringup/share/agribot_nav2_bringup/package.sh'
[2.624s] INFO:colcon.colcon_core.shell:Creating package script '/home/semegn/agribot_ws/install/agribot_nav2_bringup/share/agribot_nav2_bringup/package.bash'
[2.625s] INFO:colcon.colcon_core.shell:Creating package script '/home/semegn/agribot_ws/install/agribot_nav2_bringup/share/agribot_nav2_bringup/package.zsh'
[2.626s] Level 1:colcon.colcon_core.environment:create_file_with_runtime_dependencies(/home/semegn/agribot_ws/install/agribot_nav2_bringup/share/colcon-core/packages/agribot_nav2_bringup)
[2.707s] Level 1:colcon.colcon_core.environment:checking '/home/semegn/agribot_ws/install/agribot_vision' for CMake module files
[2.708s] DEBUG:colcon.colcon_core.event_handler.log_command:Invoked command in '/home/semegn/agribot_ws/src/agribot_vision' returned '0': PYTHONPATH=/home/semegn/agribot_ws/build/agribot_vision/prefix_override:/usr/lib/python3/dist-packages/colcon_core/task/python/colcon_distutils_commands:/home/semegn/agribot_ws/install/agribot_vision/lib/python3.10/site-packages:${PYTHONPATH} /usr/bin/python3 -W ignore:setup.py install is deprecated -W ignore:easy_install command is deprecated setup.py egg_info --egg-base ../../build/agribot_vision build --build-base /home/semegn/agribot_ws/build/agribot_vision/build install --record /home/semegn/agribot_ws/build/agribot_vision/install.log --single-version-externally-managed install_data
[2.709s] Level 1:colcon.colcon_core.environment:checking '/home/semegn/agribot_ws/install/agribot_vision' for CMake config files
[2.710s] Level 1:colcon.colcon_core.environment:checking '/home/semegn/agribot_ws/install/agribot_vision/lib'
[2.710s] Level 1:colcon.colcon_core.environment:checking '/home/semegn/agribot_ws/install/agribot_vision/bin'
[2.710s] Level 1:colcon.colcon_core.environment:checking '/home/semegn/agribot_ws/install/agribot_vision/lib/pkgconfig/agribot_vision.pc'
[2.711s] Level 1:colcon.colcon_core.environment:checking '/home/semegn/agribot_ws/install/agribot_vision/lib/python3.10/site-packages'
[2.711s] Level 1:colcon.colcon_core.shell:create_environment_hook('agribot_vision', 'pythonpath')
[2.711s] INFO:colcon.colcon_core.shell:Creating environment hook '/home/semegn/agribot_ws/install/agribot_vision/share/agribot_vision/hook/pythonpath.ps1'
[2.712s] INFO:colcon.colcon_core.shell:Creating environment descriptor '/home/semegn/agribot_ws/install/agribot_vision/share/agribot_vision/hook/pythonpath.dsv'
[2.713s] INFO:colcon.colcon_core.shell:Creating environment hook '/home/semegn/agribot_ws/install/agribot_vision/share/agribot_vision/hook/pythonpath.sh'
[2.714s] Level 1:colcon.colcon_core.environment:checking '/home/semegn/agribot_ws/install/agribot_vision/bin'
[2.714s] Level 1:colcon.colcon_core.environment:create_environment_scripts_only(agribot_vision)
[2.714s] INFO:colcon.colcon_core.shell:Creating package script '/home/semegn/agribot_ws/install/agribot_vision/share/agribot_vision/package.ps1'
[2.715s] INFO:colcon.colcon_core.shell:Creating package descriptor '/home/semegn/agribot_ws/install/agribot_vision/share/agribot_vision/package.dsv'
[2.716s] INFO:colcon.colcon_core.shell:Creating package script '/home/semegn/agribot_ws/install/agribot_vision/share/agribot_vision/package.sh'
[2.716s] INFO:colcon.colcon_core.shell:Creating package script '/home/semegn/agribot_ws/install/agribot_vision/share/agribot_vision/package.bash'
[2.717s] INFO:colcon.colcon_core.shell:Creating package script '/home/semegn/agribot_ws/install/agribot_vision/share/agribot_vision/package.zsh'
[2.717s] Level 1:colcon.colcon_core.environment:create_file_with_runtime_dependencies(/home/semegn/agribot_ws/install/agribot_vision/share/colcon-core/packages/agribot_vision)
[2.719s] Level 1:colcon.colcon_core.environment:checking '/home/semegn/agribot_ws/install/agribot_navigation' for CMake module files
[2.720s] DEBUG:colcon.colcon_core.event_handler.log_command:Invoked command in '/home/semegn/agribot_ws/src/agribot_navigation' returned '0': PYTHONPATH=/home/semegn/agribot_ws/build/agribot_navigation/prefix_override:/usr/lib/python3/dist-packages/colcon_core/task/python/colcon_distutils_commands:/home/semegn/agribot_ws/install/agribot_navigation/lib/python3.10/site-packages:${PYTHONPATH} /usr/bin/python3 -W ignore:setup.py install is deprecated -W ignore:easy_install command is deprecated setup.py egg_info --egg-base ../../build/agribot_navigation build --build-base /home/semegn/agribot_ws/build/agribot_navigation/build install --record /home/semegn/agribot_ws/build/agribot_navigation/install.log --single-version-externally-managed install_data
[2.720s] Level 1:colcon.colcon_core.environment:checking '/home/semegn/agribot_ws/install/agribot_navigation' for CMake config files
[2.721s] Level 1:colcon.colcon_core.environment:checking '/home/semegn/agribot_ws/install/agribot_navigation/lib'
[2.721s] Level 1:colcon.colcon_core.environment:checking '/home/semegn/agribot_ws/install/agribot_navigation/bin'
[2.721s] Level 1:colcon.colcon_core.environment:checking '/home/semegn/agribot_ws/install/agribot_navigation/lib/pkgconfig/agribot_navigation.pc'
[2.721s] Level 1:colcon.colcon_core.environment:checking '/home/semegn/agribot_ws/install/agribot_navigation/lib/python3.10/site-packages'
[2.721s] Level 1:colcon.colcon_core.shell:create_environment_hook('agribot_navigation', 'pythonpath')
[2.722s] INFO:colcon.colcon_core.shell:Creating environment hook '/home/semegn/agribot_ws/install/agribot_navigation/share/agribot_navigation/hook/pythonpath.ps1'
[2.722s] INFO:colcon.colcon_core.shell:Creating environment descriptor '/home/semegn/agribot_ws/install/agribot_navigation/share/agribot_navigation/hook/pythonpath.dsv'
[2.722s] INFO:colcon.colcon_core.shell:Creating environment hook '/home/semegn/agribot_ws/install/agribot_navigation/share/agribot_navigation/hook/pythonpath.sh'
[2.723s] Level 1:colcon.colcon_core.environment:checking '/home/semegn/agribot_ws/install/agribot_navigation/bin'
[2.723s] Level 1:colcon.colcon_core.environment:create_environment_scripts_only(agribot_navigation)
[2.724s] INFO:colcon.colcon_core.shell:Creating package script '/home/semegn/agribot_ws/install/agribot_navigation/share/agribot_navigation/package.ps1'
[2.724s] INFO:colcon.colcon_core.shell:Creating package descriptor '/home/semegn/agribot_ws/install/agribot_navigation/share/agribot_navigation/package.dsv'
[2.725s] INFO:colcon.colcon_core.shell:Creating package script '/home/semegn/agribot_ws/install/agribot_navigation/share/agribot_navigation/package.sh'
[2.725s] INFO:colcon.colcon_core.shell:Creating package script '/home/semegn/agribot_ws/install/agribot_navigation/share/agribot_navigation/package.bash'
[2.726s] INFO:colcon.colcon_core.shell:Creating package script '/home/semegn/agribot_ws/install/agribot_navigation/share/agribot_navigation/package.zsh'
[2.726s] Level 1:colcon.colcon_core.environment:create_file_with_runtime_dependencies(/home/semegn/agribot_ws/install/agribot_navigation/share/colcon-core/packages/agribot_navigation)
[2.726s] DEBUG:colcon.colcon_parallel_executor.executor.parallel:closing loop
[2.727s] DEBUG:colcon.colcon_parallel_executor.executor.parallel:loop closed
[2.727s] DEBUG:colcon.colcon_parallel_executor.executor.parallel:run_until_complete finished with '0'
[2.727s] DEBUG:colcon.colcon_core.event_reactor:joining thread
[2.734s] INFO:colcon.colcon_core.plugin_system:Skipping extension 'colcon_notification.desktop_notification.terminal_notifier': Not used on non-Darwin systems
[2.734s] INFO:colcon.colcon_core.plugin_system:Skipping extension 'colcon_notification.desktop_notification.win32': Not used on non-Windows systems
[2.734s] INFO:colcon.colcon_notification.desktop_notification:Sending desktop notification using 'notify2'
[2.747s] DEBUG:colcon.colcon_core.event_reactor:joined thread
[2.747s] INFO:colcon.colcon_core.shell:Creating prefix script '/home/semegn/agribot_ws/install/local_setup.ps1'
[2.749s] INFO:colcon.colcon_core.shell:Creating prefix util module '/home/semegn/agribot_ws/install/_local_setup_util_ps1.py'
[2.752s] INFO:colcon.colcon_core.shell:Creating prefix chain script '/home/semegn/agribot_ws/install/setup.ps1'
[2.754s] INFO:colcon.colcon_core.shell:Creating prefix script '/home/semegn/agribot_ws/install/local_setup.sh'
[2.755s] INFO:colcon.colcon_core.shell:Creating prefix util module '/home/semegn/agribot_ws/install/_local_setup_util_sh.py'
[2.756s] INFO:colcon.colcon_core.shell:Creating prefix chain script '/home/semegn/agribot_ws/install/setup.sh'
[2.759s] INFO:colcon.colcon_core.shell:Creating prefix script '/home/semegn/agribot_ws/install/local_setup.bash'
[2.759s] INFO:colcon.colcon_core.shell:Creating prefix chain script '/home/semegn/agribot_ws/install/setup.bash'
[2.762s] INFO:colcon.colcon_core.shell:Creating prefix script '/home/semegn/agribot_ws/install/local_setup.zsh'
[2.763s] INFO:colcon.colcon_core.shell:Creating prefix chain script '/home/semegn/agribot_ws/install/setup.zsh'
