[0.041s] Invoking command in '/home/semegn/agribot_ws/build/agribot_gazebo': CMAKE_PREFIX_PATH=${CMAKE_PREFIX_PATH}:/home/semegn/agribot_ws/install/agribot_vision:/home/semegn/agribot_ws/install/agribot_navigation:/home/semegn/agribot_ws/install/agribot_nav2_bringup:/opt/ros/humble /usr/bin/cmake --build /home/semegn/agribot_ws/build/agribot_gazebo -- -j8 -l8
[1.255s] Invoked command in '/home/semegn/agribot_ws/build/agribot_gazebo' returned '0': CMAKE_PREFIX_PATH=${CMAKE_PREFIX_PATH}:/home/semegn/agribot_ws/install/agribot_vision:/home/semegn/agribot_ws/install/agribot_navigation:/home/semegn/agribot_ws/install/agribot_nav2_bringup:/opt/ros/humble /usr/bin/cmake --build /home/semegn/agribot_ws/build/agribot_gazebo -- -j8 -l8
[1.257s] Invoking command in '/home/semegn/agribot_ws/build/agribot_gazebo': CMAKE_PREFIX_PATH=${CMAKE_PREFIX_PATH}:/home/semegn/agribot_ws/install/agribot_vision:/home/semegn/agribot_ws/install/agribot_navigation:/home/semegn/agribot_ws/install/agribot_nav2_bringup:/opt/ros/humble /usr/bin/cmake --install /home/semegn/agribot_ws/build/agribot_gazebo
[1.267s] -- Install configuration: ""
[1.269s] -- Execute custom install script
[1.272s] -- Up-to-date symlink: /home/semegn/agribot_ws/install/agribot_gazebo/share/agribot_gazebo/launch/farm.launch.py
[1.272s] -- Up-to-date symlink: /home/semegn/agribot_ws/install/agribot_gazebo/share/agribot_gazebo/worlds/eth_farm.sdf
[1.273s] -- Up-to-date symlink: /home/semegn/agribot_ws/install/agribot_gazebo/share/agribot_gazebo/worlds/ethiopian_farm.sdf
[1.273s] -- Up-to-date symlink: /home/semegn/agribot_ws/install/agribot_gazebo/share/agribot_gazebo/worlds/ethiopian_farm.world
[1.273s] -- Up-to-date symlink: /home/semegn/agribot_ws/install/agribot_gazebo/share/agribot_gazebo/worlds/ethiopian_farm_generated.sdf
[1.275s] -- Up-to-date symlink: /home/semegn/agribot_ws/install/agribot_gazebo/share/agribot_gazebo/worlds/farm_health_report.csv
[1.275s] -- Up-to-date symlink: /home/semegn/agribot_ws/install/agribot_gazebo/share/agribot_gazebo/worlds/generate_farm.py
[1.275s] -- Up-to-date symlink: /home/semegn/agribot_ws/install/agribot_gazebo/share/agribot_gazebo/worlds/textures/diseased_1.jpg
[1.276s] -- Up-to-date symlink: /home/semegn/agribot_ws/install/agribot_gazebo/share/agribot_gazebo/worlds/textures/diseased_2.jpg
[1.276s] -- Up-to-date symlink: /home/semegn/agribot_ws/install/agribot_gazebo/share/agribot_gazebo/worlds/textures/diseased_3.jpg
[1.276s] -- Up-to-date symlink: /home/semegn/agribot_ws/install/agribot_gazebo/share/agribot_gazebo/worlds/textures/diseased_4.jpg
[1.276s] -- Up-to-date symlink: /home/semegn/agribot_ws/install/agribot_gazebo/share/agribot_gazebo/worlds/textures/diseased_5.jpg
[1.276s] -- Up-to-date symlink: /home/semegn/agribot_ws/install/agribot_gazebo/share/agribot_gazebo/worlds/textures/diseased_6.jpg
[1.276s] -- Up-to-date symlink: /home/semegn/agribot_ws/install/agribot_gazebo/share/agribot_gazebo/worlds/textures/diseased_7.jpg
[1.276s] -- Up-to-date symlink: /home/semegn/agribot_ws/install/agribot_gazebo/share/agribot_gazebo/worlds/textures/diseased_8.jpg
[1.276s] -- Up-to-date symlink: /home/semegn/agribot_ws/install/agribot_gazebo/share/agribot_gazebo/worlds/textures/diseased_9.jpg
[1.276s] -- Up-to-date symlink: /home/semegn/agribot_ws/install/agribot_gazebo/share/agribot_gazebo/worlds/textures/healthy_1.jpg
[1.276s] -- Up-to-date symlink: /home/semegn/agribot_ws/install/agribot_gazebo/share/agribot_gazebo/worlds/textures/healthy_10.jpg
[1.277s] -- Up-to-date symlink: /home/semegn/agribot_ws/install/agribot_gazebo/share/agribot_gazebo/worlds/textures/healthy_11.jpg
[1.277s] -- Up-to-date symlink: /home/semegn/agribot_ws/install/agribot_gazebo/share/agribot_gazebo/worlds/textures/healthy_12.jpg
[1.277s] -- Up-to-date symlink: /home/semegn/agribot_ws/install/agribot_gazebo/share/agribot_gazebo/worlds/textures/healthy_13.jpg
[1.277s] -- Up-to-date symlink: /home/semegn/agribot_ws/install/agribot_gazebo/share/agribot_gazebo/worlds/textures/healthy_14.jpg
[1.277s] -- Up-to-date symlink: /home/semegn/agribot_ws/install/agribot_gazebo/share/agribot_gazebo/worlds/textures/healthy_15.jpg
[1.277s] -- Up-to-date symlink: /home/semegn/agribot_ws/install/agribot_gazebo/share/agribot_gazebo/worlds/textures/healthy_2.jpg
[1.277s] -- Up-to-date symlink: /home/semegn/agribot_ws/install/agribot_gazebo/share/agribot_gazebo/worlds/textures/healthy_3.jpg
[1.277s] -- Up-to-date symlink: /home/semegn/agribot_ws/install/agribot_gazebo/share/agribot_gazebo/worlds/textures/healthy_4.jpg
[1.277s] -- Up-to-date symlink: /home/semegn/agribot_ws/install/agribot_gazebo/share/agribot_gazebo/worlds/textures/healthy_5.jpg
[1.278s] -- Up-to-date symlink: /home/semegn/agribot_ws/install/agribot_gazebo/share/agribot_gazebo/worlds/textures/healthy_6.jpg
[1.278s] -- Up-to-date symlink: /home/semegn/agribot_ws/install/agribot_gazebo/share/agribot_gazebo/worlds/textures/healthy_7.jpg
[1.278s] -- Up-to-date symlink: /home/semegn/agribot_ws/install/agribot_gazebo/share/agribot_gazebo/worlds/textures/healthy_8.jpg
[1.278s] -- Up-to-date symlink: /home/semegn/agribot_ws/install/agribot_gazebo/share/agribot_gazebo/worlds/textures/healthy_9.jpg
[1.278s] -- Up-to-date symlink: /home/semegn/agribot_ws/install/agribot_gazebo/share/ament_index/resource_index/package_run_dependencies/agribot_gazebo
[1.278s] -- Up-to-date symlink: /home/semegn/agribot_ws/install/agribot_gazebo/share/ament_index/resource_index/parent_prefix_path/agribot_gazebo
[1.278s] -- Up-to-date symlink: /home/semegn/agribot_ws/install/agribot_gazebo/share/agribot_gazebo/environment/ament_prefix_path.sh
[1.279s] -- Up-to-date symlink: /home/semegn/agribot_ws/install/agribot_gazebo/share/agribot_gazebo/environment/ament_prefix_path.dsv
[1.279s] -- Up-to-date symlink: /home/semegn/agribot_ws/install/agribot_gazebo/share/agribot_gazebo/environment/path.sh
[1.279s] -- Up-to-date symlink: /home/semegn/agribot_ws/install/agribot_gazebo/share/agribot_gazebo/environment/path.dsv
[1.279s] -- Up-to-date symlink: /home/semegn/agribot_ws/install/agribot_gazebo/share/agribot_gazebo/local_setup.bash
[1.279s] -- Up-to-date symlink: /home/semegn/agribot_ws/install/agribot_gazebo/share/agribot_gazebo/local_setup.sh
[1.279s] -- Up-to-date symlink: /home/semegn/agribot_ws/install/agribot_gazebo/share/agribot_gazebo/local_setup.zsh
[1.280s] -- Up-to-date symlink: /home/semegn/agribot_ws/install/agribot_gazebo/share/agribot_gazebo/local_setup.dsv
[1.280s] -- Symlinking: /home/semegn/agribot_ws/install/agribot_gazebo/share/agribot_gazebo/package.dsv
[1.291s] -- Up-to-date symlink: /home/semegn/agribot_ws/install/agribot_gazebo/share/ament_index/resource_index/packages/agribot_gazebo
[1.292s] -- Up-to-date symlink: /home/semegn/agribot_ws/install/agribot_gazebo/share/agribot_gazebo/cmake/agribot_gazeboConfig.cmake
[1.292s] -- Up-to-date symlink: /home/semegn/agribot_ws/install/agribot_gazebo/share/agribot_gazebo/cmake/agribot_gazeboConfig-version.cmake
[1.292s] -- Up-to-date symlink: /home/semegn/agribot_ws/install/agribot_gazebo/share/agribot_gazebo/package.xml
[1.319s] Invoked command in '/home/semegn/agribot_ws/build/agribot_gazebo' returned '0': CMAKE_PREFIX_PATH=${CMAKE_PREFIX_PATH}:/home/semegn/agribot_ws/install/agribot_vision:/home/semegn/agribot_ws/install/agribot_navigation:/home/semegn/agribot_ws/install/agribot_nav2_bringup:/opt/ros/humble /usr/bin/cmake --install /home/semegn/agribot_ws/build/agribot_gazebo
