[1.459s] Invoking command in '/home/semegn/agribot_ws/src/agribot_vision': PYTHONPATH=/home/semegn/agribot_ws/build/agribot_vision/prefix_override:/usr/lib/python3/dist-packages/colcon_core/task/python/colcon_distutils_commands:/home/semegn/agribot_ws/install/agribot_vision/lib/python3.10/site-packages:${PYTHONPATH} /usr/bin/python3 -W ignore:setup.py install is deprecated -W ignore:easy_install command is deprecated setup.py egg_info --egg-base ../../build/agribot_vision build --build-base /home/semegn/agribot_ws/build/agribot_vision/build install --record /home/semegn/agribot_ws/build/agribot_vision/install.log --single-version-externally-managed install_data
[1.743s] running egg_info
[1.744s] writing ../../build/agribot_vision/agribot_vision.egg-info/PKG-INFO
[1.745s] writing dependency_links to ../../build/agribot_vision/agribot_vision.egg-info/dependency_links.txt
[1.745s] writing entry points to ../../build/agribot_vision/agribot_vision.egg-info/entry_points.txt
[1.745s] writing requirements to ../../build/agribot_vision/agribot_vision.egg-info/requires.txt
[1.745s] writing top-level names to ../../build/agribot_vision/agribot_vision.egg-info/top_level.txt
[1.747s] reading manifest file '../../build/agribot_vision/agribot_vision.egg-info/SOURCES.txt'
[1.748s] writing manifest file '../../build/agribot_vision/agribot_vision.egg-info/SOURCES.txt'
[1.749s] running build
[1.749s] running build_py
[1.749s] running install
[1.750s] running install_lib
[1.751s] running install_data
[1.752s] running install_egg_info
[1.754s] removing '/home/semegn/agribot_ws/install/agribot_vision/lib/python3.10/site-packages/agribot_vision-0.0.0-py3.10.egg-info' (and everything under it)
[1.754s] Copying ../../build/agribot_vision/agribot_vision.egg-info to /home/semegn/agribot_ws/install/agribot_vision/lib/python3.10/site-packages/agribot_vision-0.0.0-py3.10.egg-info
[1.755s] running install_scripts
[1.775s] Installing detect_disease script to /home/semegn/agribot_ws/install/agribot_vision/lib/agribot_vision
[1.775s] writing list of installed files to '/home/semegn/agribot_ws/build/agribot_vision/install.log'
[1.837s] Invoked command in '/home/semegn/agribot_ws/src/agribot_vision' returned '0': PYTHONPATH=/home/semegn/agribot_ws/build/agribot_vision/prefix_override:/usr/lib/python3/dist-packages/colcon_core/task/python/colcon_distutils_commands:/home/semegn/agribot_ws/install/agribot_vision/lib/python3.10/site-packages:${PYTHONPATH} /usr/bin/python3 -W ignore:setup.py install is deprecated -W ignore:easy_install command is deprecated setup.py egg_info --egg-base ../../build/agribot_vision build --build-base /home/semegn/agribot_ws/build/agribot_vision/build install --record /home/semegn/agribot_ws/build/agribot_vision/install.log --single-version-externally-managed install_data
