[1.964s] Invoking command in '/home/semegn/agribot_ws/src/agribot_vision': PYTHONPATH=/home/semegn/agribot_ws/build/agribot_vision/prefix_override:/usr/lib/python3/dist-packages/colcon_core/task/python/colcon_distutils_commands:/home/semegn/agribot_ws/install/agribot_vision/lib/python3.10/site-packages:${PYTHONPATH} /usr/bin/python3 -W ignore:setup.py install is deprecated -W ignore:easy_install command is deprecated setup.py egg_info --egg-base ../../build/agribot_vision build --build-base /home/semegn/agribot_ws/build/agribot_vision/build install --record /home/semegn/agribot_ws/build/agribot_vision/install.log --single-version-externally-managed install_data
[2.329s] running egg_info
[2.329s] writing ../../build/agribot_vision/agribot_vision.egg-info/PKG-INFO
[2.330s] writing dependency_links to ../../build/agribot_vision/agribot_vision.egg-info/dependency_links.txt
[2.330s] writing entry points to ../../build/agribot_vision/agribot_vision.egg-info/entry_points.txt
[2.330s] writing requirements to ../../build/agribot_vision/agribot_vision.egg-info/requires.txt
[2.330s] writing top-level names to ../../build/agribot_vision/agribot_vision.egg-info/top_level.txt
[2.334s] reading manifest file '../../build/agribot_vision/agribot_vision.egg-info/SOURCES.txt'
[2.335s] writing manifest file '../../build/agribot_vision/agribot_vision.egg-info/SOURCES.txt'
[2.335s] running build
[2.335s] running build_py
[2.336s] running install
[2.336s] running install_lib
[2.338s] running install_data
[2.338s] running install_egg_info
[2.341s] removing '/home/semegn/agribot_ws/install/agribot_vision/lib/python3.10/site-packages/agribot_vision-0.0.0-py3.10.egg-info' (and everything under it)
[2.342s] Copying ../../build/agribot_vision/agribot_vision.egg-info to /home/semegn/agribot_ws/install/agribot_vision/lib/python3.10/site-packages/agribot_vision-0.0.0-py3.10.egg-info
[2.343s] running install_scripts
[2.372s] Installing detect_disease script to /home/semegn/agribot_ws/install/agribot_vision/lib/agribot_vision
[2.372s] writing list of installed files to '/home/semegn/agribot_ws/build/agribot_vision/install.log'
[2.411s] Invoked command in '/home/semegn/agribot_ws/src/agribot_vision' returned '0': PYTHONPATH=/home/semegn/agribot_ws/build/agribot_vision/prefix_override:/usr/lib/python3/dist-packages/colcon_core/task/python/colcon_distutils_commands:/home/semegn/agribot_ws/install/agribot_vision/lib/python3.10/site-packages:${PYTHONPATH} /usr/bin/python3 -W ignore:setup.py install is deprecated -W ignore:easy_install command is deprecated setup.py egg_info --egg-base ../../build/agribot_vision build --build-base /home/semegn/agribot_ws/build/agribot_vision/build install --record /home/semegn/agribot_ws/build/agribot_vision/install.log --single-version-externally-managed install_data
