[1.374s] Invoking command in '/home/semegn/agribot_ws/src/agribot_navigation': PYTHONPATH=/home/semegn/agribot_ws/build/agribot_navigation/prefix_override:/usr/lib/python3/dist-packages/colcon_core/task/python/colcon_distutils_commands:/home/semegn/agribot_ws/install/agribot_navigation/lib/python3.10/site-packages:${PYTHONPATH} /usr/bin/python3 -W ignore:setup.py install is deprecated -W ignore:easy_install command is deprecated setup.py egg_info --egg-base ../../build/agribot_navigation build --build-base /home/semegn/agribot_ws/build/agribot_navigation/build install --record /home/semegn/agribot_ws/build/agribot_navigation/install.log --single-version-externally-managed install_data
[1.661s] running egg_info
[1.662s] writing ../../build/agribot_navigation/agribot_navigation.egg-info/PKG-INFO
[1.662s] writing dependency_links to ../../build/agribot_navigation/agribot_navigation.egg-info/dependency_links.txt
[1.662s] writing entry points to ../../build/agribot_navigation/agribot_navigation.egg-info/entry_points.txt
[1.663s] writing requirements to ../../build/agribot_navigation/agribot_navigation.egg-info/requires.txt
[1.663s] writing top-level names to ../../build/agribot_navigation/agribot_navigation.egg-info/top_level.txt
[1.664s] reading manifest file '../../build/agribot_navigation/agribot_navigation.egg-info/SOURCES.txt'
[1.665s] adding license file 'LICENSE'
[1.665s] writing manifest file '../../build/agribot_navigation/agribot_navigation.egg-info/SOURCES.txt'
[1.665s] running build
[1.666s] running build_py
[1.666s] running install
[1.666s] running install_lib
[1.668s] running install_data
[1.668s] running install_egg_info
[1.670s] removing '/home/semegn/agribot_ws/install/agribot_navigation/lib/python3.10/site-packages/agribot_navigation-0.0.0-py3.10.egg-info' (and everything under it)
[1.670s] Copying ../../build/agribot_navigation/agribot_navigation.egg-info to /home/semegn/agribot_ws/install/agribot_navigation/lib/python3.10/site-packages/agribot_navigation-0.0.0-py3.10.egg-info
[1.671s] running install_scripts
[1.690s] Installing navigation_node script to /home/semegn/agribot_ws/install/agribot_navigation/lib/agribot_navigation
[1.690s] Installing navigator_goal script to /home/semegn/agribot_ws/install/agribot_navigation/lib/agribot_navigation
[1.691s] Installing odom_tf_bridge script to /home/semegn/agribot_ws/install/agribot_navigation/lib/agribot_navigation
[1.691s] Installing reactive_avoid script to /home/semegn/agribot_ws/install/agribot_navigation/lib/agribot_navigation
[1.691s] Installing safety_stop script to /home/semegn/agribot_ws/install/agribot_navigation/lib/agribot_navigation
[1.691s] Installing slam_node script to /home/semegn/agribot_ws/install/agribot_navigation/lib/agribot_navigation
[1.691s] Installing stop_on_disease script to /home/semegn/agribot_ws/install/agribot_navigation/lib/agribot_navigation
[1.691s] writing list of installed files to '/home/semegn/agribot_ws/build/agribot_navigation/install.log'
[1.749s] Invoked command in '/home/semegn/agribot_ws/src/agribot_navigation' returned '0': PYTHONPATH=/home/semegn/agribot_ws/build/agribot_navigation/prefix_override:/usr/lib/python3/dist-packages/colcon_core/task/python/colcon_distutils_commands:/home/semegn/agribot_ws/install/agribot_navigation/lib/python3.10/site-packages:${PYTHONPATH} /usr/bin/python3 -W ignore:setup.py install is deprecated -W ignore:easy_install command is deprecated setup.py egg_info --egg-base ../../build/agribot_navigation build --build-base /home/semegn/agribot_ws/build/agribot_navigation/build install --record /home/semegn/agribot_ws/build/agribot_navigation/install.log --single-version-externally-managed install_data
