[0.039s] Invoking command in '/home/semegn/agribot_ws/build/agribot_description': CMAKE_PREFIX_PATH=${CMAKE_PREFIX_PATH}:/home/semegn/agribot_ws/install/agribot_vision:/home/semegn/agribot_ws/install/agribot_navigation:/home/semegn/agribot_ws/install/agribot_nav2_bringup:/opt/ros/humble /usr/bin/cmake --build /home/semegn/agribot_ws/build/agribot_description -- -j8 -l8
[1.124s] Invoked command in '/home/semegn/agribot_ws/build/agribot_description' returned '0': CMAKE_PREFIX_PATH=${CMAKE_PREFIX_PATH}:/home/semegn/agribot_ws/install/agribot_vision:/home/semegn/agribot_ws/install/agribot_navigation:/home/semegn/agribot_ws/install/agribot_nav2_bringup:/opt/ros/humble /usr/bin/cmake --build /home/semegn/agribot_ws/build/agribot_description -- -j8 -l8
[1.135s] Invoking command in '/home/semegn/agribot_ws/build/agribot_description': CMAKE_PREFIX_PATH=${CMAKE_PREFIX_PATH}:/home/semegn/agribot_ws/install/agribot_vision:/home/semegn/agribot_ws/install/agribot_navigation:/home/semegn/agribot_ws/install/agribot_nav2_bringup:/opt/ros/humble /usr/bin/cmake --install /home/semegn/agribot_ws/build/agribot_description
[1.145s] -- Install configuration: ""
[1.145s] -- Execute custom install script
[1.147s] -- Up-to-date symlink: /home/semegn/agribot_ws/install/agribot_description/share/agribot_description/urdf/agribot.urdf.xacro
[1.147s] -- Up-to-date symlink: /home/semegn/agribot_ws/install/agribot_description/share/agribot_description/launch/agribot_spawn.launch.py
[1.147s] -- Up-to-date symlink: /home/semegn/agribot_ws/install/agribot_description/share/agribot_description/launch/master.launch.py
[1.148s] -- Up-to-date symlink: /home/semegn/agribot_ws/install/agribot_description/share/ament_index/resource_index/package_run_dependencies/agribot_description
[1.148s] -- Up-to-date symlink: /home/semegn/agribot_ws/install/agribot_description/share/ament_index/resource_index/parent_prefix_path/agribot_description
[1.148s] -- Up-to-date symlink: /home/semegn/agribot_ws/install/agribot_description/share/agribot_description/environment/ament_prefix_path.sh
[1.148s] -- Up-to-date symlink: /home/semegn/agribot_ws/install/agribot_description/share/agribot_description/environment/ament_prefix_path.dsv
[1.148s] -- Up-to-date symlink: /home/semegn/agribot_ws/install/agribot_description/share/agribot_description/environment/path.sh
[1.149s] -- Up-to-date symlink: /home/semegn/agribot_ws/install/agribot_description/share/agribot_description/environment/path.dsv
[1.149s] -- Up-to-date symlink: /home/semegn/agribot_ws/install/agribot_description/share/agribot_description/local_setup.bash
[1.151s] -- Up-to-date symlink: /home/semegn/agribot_ws/install/agribot_description/share/agribot_description/local_setup.sh
[1.151s] -- Up-to-date symlink: /home/semegn/agribot_ws/install/agribot_description/share/agribot_description/local_setup.zsh
[1.151s] -- Up-to-date symlink: /home/semegn/agribot_ws/install/agribot_description/share/agribot_description/local_setup.dsv
[1.152s] -- Symlinking: /home/semegn/agribot_ws/install/agribot_description/share/agribot_description/package.dsv
[1.161s] -- Up-to-date symlink: /home/semegn/agribot_ws/install/agribot_description/share/ament_index/resource_index/packages/agribot_description
[1.161s] -- Up-to-date symlink: /home/semegn/agribot_ws/install/agribot_description/share/agribot_description/cmake/agribot_descriptionConfig.cmake
[1.161s] -- Up-to-date symlink: /home/semegn/agribot_ws/install/agribot_description/share/agribot_description/cmake/agribot_descriptionConfig-version.cmake
[1.161s] -- Up-to-date symlink: /home/semegn/agribot_ws/install/agribot_description/share/agribot_description/package.xml
[1.164s] Invoked command in '/home/semegn/agribot_ws/build/agribot_description' returned '0': CMAKE_PREFIX_PATH=${CMAKE_PREFIX_PATH}:/home/semegn/agribot_ws/install/agribot_vision:/home/semegn/agribot_ws/install/agribot_navigation:/home/semegn/agribot_ws/install/agribot_nav2_bringup:/opt/ros/humble /usr/bin/cmake --install /home/semegn/agribot_ws/build/agribot_description
