[1.504s] Invoking command in '/home/semegn/agribot_ws/src/agribot_nav2_bringup': PYTHONPATH=/home/semegn/agribot_ws/build/agribot_nav2_bringup/prefix_override:/usr/lib/python3/dist-packages/colcon_core/task/python/colcon_distutils_commands:/home/semegn/agribot_ws/install/agribot_nav2_bringup/lib/python3.10/site-packages:${PYTHONPATH} /usr/bin/python3 -W ignore:setup.py install is deprecated -W ignore:easy_install command is deprecated setup.py egg_info --egg-base ../../build/agribot_nav2_bringup build --build-base /home/semegn/agribot_ws/build/agribot_nav2_bringup/build install --record /home/semegn/agribot_ws/build/agribot_nav2_bringup/install.log --single-version-externally-managed install_data
[1.787s] running egg_info
[1.787s] writing ../../build/agribot_nav2_bringup/agribot_nav2_bringup.egg-info/PKG-INFO
[1.788s] writing dependency_links to ../../build/agribot_nav2_bringup/agribot_nav2_bringup.egg-info/dependency_links.txt
[1.788s] writing requirements to ../../build/agribot_nav2_bringup/agribot_nav2_bringup.egg-info/requires.txt
[1.788s] writing top-level names to ../../build/agribot_nav2_bringup/agribot_nav2_bringup.egg-info/top_level.txt
[1.790s] reading manifest file '../../build/agribot_nav2_bringup/agribot_nav2_bringup.egg-info/SOURCES.txt'
[1.791s] writing manifest file '../../build/agribot_nav2_bringup/agribot_nav2_bringup.egg-info/SOURCES.txt'
[1.791s] running build
[1.791s] running build_py
[1.791s] running install
[1.791s] running install_lib
[1.792s] running install_data
[1.793s] copying params/nav2_params.yaml -> /home/semegn/agribot_ws/install/agribot_nav2_bringup/share/agribot_nav2_bringup/params
[1.793s] running install_egg_info
[1.795s] removing '/home/semegn/agribot_ws/install/agribot_nav2_bringup/lib/python3.10/site-packages/agribot_nav2_bringup-0.0.1-py3.10.egg-info' (and everything under it)
[1.795s] Copying ../../build/agribot_nav2_bringup/agribot_nav2_bringup.egg-info to /home/semegn/agribot_ws/install/agribot_nav2_bringup/lib/python3.10/site-packages/agribot_nav2_bringup-0.0.1-py3.10.egg-info
[1.796s] running install_scripts
[1.823s] writing list of installed files to '/home/semegn/agribot_ws/build/agribot_nav2_bringup/install.log'
[1.870s] Invoked command in '/home/semegn/agribot_ws/src/agribot_nav2_bringup' returned '0': PYTHONPATH=/home/semegn/agribot_ws/build/agribot_nav2_bringup/prefix_override:/usr/lib/python3/dist-packages/colcon_core/task/python/colcon_distutils_commands:/home/semegn/agribot_ws/install/agribot_nav2_bringup/lib/python3.10/site-packages:${PYTHONPATH} /usr/bin/python3 -W ignore:setup.py install is deprecated -W ignore:easy_install command is deprecated setup.py egg_info --egg-base ../../build/agribot_nav2_bringup build --build-base /home/semegn/agribot_ws/build/agribot_nav2_bringup/build install --record /home/semegn/agribot_ws/build/agribot_nav2_bringup/install.log --single-version-externally-managed install_data
