[1.749s] Invoking command in '/home/semegn/agribot_ws/src/agribot_navigation': PYTHONPATH=/home/semegn/agribot_ws/build/agribot_navigation/prefix_override:/usr/lib/python3/dist-packages/colcon_core/task/python/colcon_distutils_commands:/home/semegn/agribot_ws/install/agribot_navigation/lib/python3.10/site-packages:${PYTHONPATH} /usr/bin/python3 -W ignore:setup.py install is deprecated -W ignore:easy_install command is deprecated setup.py egg_info --egg-base ../../build/agribot_navigation build --build-base /home/semegn/agribot_ws/build/agribot_navigation/build install --record /home/semegn/agribot_ws/build/agribot_navigation/install.log --single-version-externally-managed install_data
[2.152s] running egg_info
[2.153s] writing ../../build/agribot_navigation/agribot_navigation.egg-info/PKG-INFO
[2.154s] writing dependency_links to ../../build/agribot_navigation/agribot_navigation.egg-info/dependency_links.txt
[2.155s] writing entry points to ../../build/agribot_navigation/agribot_navigation.egg-info/entry_points.txt
[2.155s] writing requirements to ../../build/agribot_navigation/agribot_navigation.egg-info/requires.txt
[2.155s] writing top-level names to ../../build/agribot_navigation/agribot_navigation.egg-info/top_level.txt
[2.160s] reading manifest file '../../build/agribot_navigation/agribot_navigation.egg-info/SOURCES.txt'
[2.160s] adding license file 'LICENSE'
[2.162s] writing manifest file '../../build/agribot_navigation/agribot_navigation.egg-info/SOURCES.txt'
[2.162s] running build
[2.163s] running build_py
[2.163s] running install
[2.164s] running install_lib
[2.168s] running install_data
[2.168s] running install_egg_info
[2.174s] removing '/home/semegn/agribot_ws/install/agribot_navigation/lib/python3.10/site-packages/agribot_navigation-0.0.0-py3.10.egg-info' (and everything under it)
[2.175s] Copying ../../build/agribot_navigation/agribot_navigation.egg-info to /home/semegn/agribot_ws/install/agribot_navigation/lib/python3.10/site-packages/agribot_navigation-0.0.0-py3.10.egg-info
[2.176s] running install_scripts
[2.211s] Installing navigation_node script to /home/semegn/agribot_ws/install/agribot_navigation/lib/agribot_navigation
[2.211s] Installing navigator_goal script to /home/semegn/agribot_ws/install/agribot_navigation/lib/agribot_navigation
[2.211s] Installing odom_tf_bridge script to /home/semegn/agribot_ws/install/agribot_navigation/lib/agribot_navigation
[2.211s] Installing reactive_avoid script to /home/semegn/agribot_ws/install/agribot_navigation/lib/agribot_navigation
[2.212s] Installing safety_stop script to /home/semegn/agribot_ws/install/agribot_navigation/lib/agribot_navigation
[2.212s] Installing slam_node script to /home/semegn/agribot_ws/install/agribot_navigation/lib/agribot_navigation
[2.212s] Installing stop_on_disease script to /home/semegn/agribot_ws/install/agribot_navigation/lib/agribot_navigation
[2.212s] writing list of installed files to '/home/semegn/agribot_ws/build/agribot_navigation/install.log'
[2.246s] Invoked command in '/home/semegn/agribot_ws/src/agribot_navigation' returned '0': PYTHONPATH=/home/semegn/agribot_ws/build/agribot_navigation/prefix_override:/usr/lib/python3/dist-packages/colcon_core/task/python/colcon_distutils_commands:/home/semegn/agribot_ws/install/agribot_navigation/lib/python3.10/site-packages:${PYTHONPATH} /usr/bin/python3 -W ignore:setup.py install is deprecated -W ignore:easy_install command is deprecated setup.py egg_info --egg-base ../../build/agribot_navigation build --build-base /home/semegn/agribot_ws/build/agribot_navigation/build install --record /home/semegn/agribot_ws/build/agribot_navigation/install.log --single-version-externally-managed install_data
