[1.376s] Invoking command in '/home/semegn/agribot_ws/src/agribot_vision': PYTHONPATH=/home/semegn/agribot_ws/build/agribot_vision/prefix_override:/usr/lib/python3/dist-packages/colcon_core/task/python/colcon_distutils_commands:/home/semegn/agribot_ws/install/agribot_vision/lib/python3.10/site-packages:${PYTHONPATH} /usr/bin/python3 -W ignore:setup.py install is deprecated -W ignore:easy_install command is deprecated setup.py egg_info --egg-base ../../build/agribot_vision build --build-base /home/semegn/agribot_ws/build/agribot_vision/build install --record /home/semegn/agribot_ws/build/agribot_vision/install.log --single-version-externally-managed install_data
[1.664s] running egg_info
[1.665s] writing ../../build/agribot_vision/agribot_vision.egg-info/PKG-INFO
[1.665s] writing dependency_links to ../../build/agribot_vision/agribot_vision.egg-info/dependency_links.txt
[1.665s] writing entry points to ../../build/agribot_vision/agribot_vision.egg-info/entry_points.txt
[1.665s] writing requirements to ../../build/agribot_vision/agribot_vision.egg-info/requires.txt
[1.665s] writing top-level names to ../../build/agribot_vision/agribot_vision.egg-info/top_level.txt
[1.668s] reading manifest file '../../build/agribot_vision/agribot_vision.egg-info/SOURCES.txt'
[1.669s] writing manifest file '../../build/agribot_vision/agribot_vision.egg-info/SOURCES.txt'
[1.669s] running build
[1.670s] running build_py
[1.670s] copying agribot_vision/detect_disease.py -> /home/semegn/agribot_ws/build/agribot_vision/build/lib/agribot_vision
[1.670s] running install
[1.670s] running install_lib
[1.671s] copying /home/semegn/agribot_ws/build/agribot_vision/build/lib/agribot_vision/detect_disease.py -> /home/semegn/agribot_ws/install/agribot_vision/lib/python3.10/site-packages/agribot_vision
[1.672s] byte-compiling /home/semegn/agribot_ws/install/agribot_vision/lib/python3.10/site-packages/agribot_vision/detect_disease.py to detect_disease.cpython-310.pyc
[1.672s] running install_data
[1.673s] running install_egg_info
[1.676s] removing '/home/semegn/agribot_ws/install/agribot_vision/lib/python3.10/site-packages/agribot_vision-0.0.0-py3.10.egg-info' (and everything under it)
[1.676s] Copying ../../build/agribot_vision/agribot_vision.egg-info to /home/semegn/agribot_ws/install/agribot_vision/lib/python3.10/site-packages/agribot_vision-0.0.0-py3.10.egg-info
[1.677s] running install_scripts
[1.696s] Installing detect_disease script to /home/semegn/agribot_ws/install/agribot_vision/lib/agribot_vision
[1.696s] writing list of installed files to '/home/semegn/agribot_ws/build/agribot_vision/install.log'
[1.741s] Invoked command in '/home/semegn/agribot_ws/src/agribot_vision' returned '0': PYTHONPATH=/home/semegn/agribot_ws/build/agribot_vision/prefix_override:/usr/lib/python3/dist-packages/colcon_core/task/python/colcon_distutils_commands:/home/semegn/agribot_ws/install/agribot_vision/lib/python3.10/site-packages:${PYTHONPATH} /usr/bin/python3 -W ignore:setup.py install is deprecated -W ignore:easy_install command is deprecated setup.py egg_info --egg-base ../../build/agribot_vision build --build-base /home/semegn/agribot_ws/build/agribot_vision/build install --record /home/semegn/agribot_ws/build/agribot_vision/install.log --single-version-externally-managed install_data
