[0.025s] Invoking command in '/home/semegn/agribot_ws/build/agribot_description': /usr/bin/cmake --build /home/semegn/agribot_ws/build/agribot_description -- -j8 -l8
[0.704s] Invoked command in '/home/semegn/agribot_ws/build/agribot_description' returned '0': /usr/bin/cmake --build /home/semegn/agribot_ws/build/agribot_description -- -j8 -l8
[0.714s] Invoking command in '/home/semegn/agribot_ws/build/agribot_description': /usr/bin/cmake --install /home/semegn/agribot_ws/build/agribot_description
[0.722s] -- Install configuration: ""
[0.722s] -- Execute custom install script
[0.724s] -- Up-to-date symlink: /home/semegn/agribot_ws/install/agribot_description/share/agribot_description/urdf/agribot.urdf.xacro
[0.725s] -- Up-to-date symlink: /home/semegn/agribot_ws/install/agribot_description/share/agribot_description/launch/agribot_spawn.launch.py
[0.725s] -- Up-to-date symlink: /home/semegn/agribot_ws/install/agribot_description/share/agribot_description/launch/master.launch.py
[0.726s] -- Up-to-date symlink: /home/semegn/agribot_ws/install/agribot_description/share/ament_index/resource_index/package_run_dependencies/agribot_description
[0.727s] -- Up-to-date symlink: /home/semegn/agribot_ws/install/agribot_description/share/ament_index/resource_index/parent_prefix_path/agribot_description
[0.727s] -- Up-to-date symlink: /home/semegn/agribot_ws/install/agribot_description/share/agribot_description/environment/ament_prefix_path.sh
[0.728s] -- Up-to-date symlink: /home/semegn/agribot_ws/install/agribot_description/share/agribot_description/environment/ament_prefix_path.dsv
[0.731s] -- Up-to-date symlink: /home/semegn/agribot_ws/install/agribot_description/share/agribot_description/environment/path.sh
[0.731s] -- Up-to-date symlink: /home/semegn/agribot_ws/install/agribot_description/share/agribot_description/environment/path.dsv
[0.731s] -- Up-to-date symlink: /home/semegn/agribot_ws/install/agribot_description/share/agribot_description/local_setup.bash
[0.732s] -- Up-to-date symlink: /home/semegn/agribot_ws/install/agribot_description/share/agribot_description/local_setup.sh
[0.732s] -- Up-to-date symlink: /home/semegn/agribot_ws/install/agribot_description/share/agribot_description/local_setup.zsh
[0.732s] -- Up-to-date symlink: /home/semegn/agribot_ws/install/agribot_description/share/agribot_description/local_setup.dsv
[0.732s] -- Symlinking: /home/semegn/agribot_ws/install/agribot_description/share/agribot_description/package.dsv
[0.739s] -- Up-to-date symlink: /home/semegn/agribot_ws/install/agribot_description/share/ament_index/resource_index/packages/agribot_description
[0.740s] -- Up-to-date symlink: /home/semegn/agribot_ws/install/agribot_description/share/agribot_description/cmake/agribot_descriptionConfig.cmake
[0.740s] -- Up-to-date symlink: /home/semegn/agribot_ws/install/agribot_description/share/agribot_description/cmake/agribot_descriptionConfig-version.cmake
[0.741s] -- Up-to-date symlink: /home/semegn/agribot_ws/install/agribot_description/share/agribot_description/package.xml
[0.744s] Invoked command in '/home/semegn/agribot_ws/build/agribot_description' returned '0': /usr/bin/cmake --install /home/semegn/agribot_ws/build/agribot_description
